
> openacad-backend@1.0.0 start
> node src/index.js

Server is running on port 3000
Nova conexão estabelecida com o banco de dados
Testando conexão com o banco de dados...
Conexão com o banco de dados estabelecida em: 2024-11-17T10:55:47.437Z
Cliente removido do pool

> openacad-backend@1.0.0 start
> node src/index.js

Server is running on port 3000
Nova conexão estabelecida com o banco de dados
Testando conexão com o banco de dados...
Conexão com o banco de dados estabelecida em: 2024-11-17T12:22:32.039Z
GET /api/users
Headers: {
  host: '192.168.15.104:3000',
  connection: 'keep-alive',
  accept: 'application/json, text/plain, */*',
  authorization: 'Bearer eyJhbGciOiJIUzI1NiIsInR5cCI6IkpXVCJ9.eyJ1c2VySWQiOjEsInVzZXJMZXZlbCI6IkFkbWluaXN0cmFkb3IoYSkiLCJpYXQiOjE3MzE4NDUzMDQsImV4cCI6MTczMTkzMTcwNH0.qQ9CUtcu3NfUYhq68YWRLKx9kYKcptN0hd3WQ9Maskc',
  'user-agent': 'Mozilla/5.0 (Windows NT 10.0; Win64; x64) AppleWebKit/537.36 (KHTML, like Gecko) Chrome/128.0.0.0 Safari/537.36 OPR/114.0.0.0',
  'content-type': 'application/json',
  origin: 'http://192.168.15.104:4200',
  referer: 'http://192.168.15.104:4200/',
  'accept-encoding': 'gzip, deflate',
  'accept-language': 'pt-BR,pt;q=0.9,en-US;q=0.8,en;q=0.7',
  'if-none-match': 'W/"110-CNgfk/muibbfnKIAjqlTSYovUSg"'
}
Token recebido: Presente
Requisição GET /users recebida
Usuários encontrados: 2
[0mGET /api/users [36m304[0m 9.745 ms - -[0m
Cliente removido do pool

> openacad-backend@1.0.0 start
> node src/index.js

Server is running on port 3000
Nova conexão estabelecida com o banco de dados
Testando conexão com o banco de dados...
Conexão com o banco de dados estabelecida em: 2024-11-17T12:32:09.126Z
Cliente removido do pool
GET /api/users
Headers: {
  host: '192.168.15.104:3000',
  connection: 'keep-alive',
  accept: 'application/json, text/plain, */*',
  authorization: 'Bearer eyJhbGciOiJIUzI1NiIsInR5cCI6IkpXVCJ9.eyJ1c2VySWQiOjEsInVzZXJMZXZlbCI6IkFkbWluaXN0cmFkb3IoYSkiLCJpYXQiOjE3MzE4NDUzMDQsImV4cCI6MTczMTkzMTcwNH0.qQ9CUtcu3NfUYhq68YWRLKx9kYKcptN0hd3WQ9Maskc',
  'user-agent': 'Mozilla/5.0 (Windows NT 10.0; Win64; x64) AppleWebKit/537.36 (KHTML, like Gecko) Chrome/128.0.0.0 Safari/537.36 OPR/114.0.0.0',
  'content-type': 'application/json',
  origin: 'http://192.168.15.104:4200',
  referer: 'http://192.168.15.104:4200/',
  'accept-encoding': 'gzip, deflate',
  'accept-language': 'pt-BR,pt;q=0.9,en-US;q=0.8,en;q=0.7',
  'if-none-match': 'W/"110-CNgfk/muibbfnKIAjqlTSYovUSg"'
}
Token recebido: Presente
Requisição GET /users recebida
Nova conexão estabelecida com o banco de dados
Usuários encontrados: 2
[0mGET /api/users [36m304[0m 18.663 ms - -[0m
Cliente removido do pool
POST /api/users
Headers: {
  host: '192.168.15.104:3000',
  connection: 'keep-alive',
  'content-length': '158',
  accept: 'application/json, text/plain, */*',
  authorization: 'Bearer eyJhbGciOiJIUzI1NiIsInR5cCI6IkpXVCJ9.eyJ1c2VySWQiOjEsInVzZXJMZXZlbCI6IkFkbWluaXN0cmFkb3IoYSkiLCJpYXQiOjE3MzE4NDUzMDQsImV4cCI6MTczMTkzMTcwNH0.qQ9CUtcu3NfUYhq68YWRLKx9kYKcptN0hd3WQ9Maskc',
  'user-agent': 'Mozilla/5.0 (Windows NT 10.0; Win64; x64) AppleWebKit/537.36 (KHTML, like Gecko) Chrome/128.0.0.0 Safari/537.36 OPR/114.0.0.0',
  'content-type': 'application/json',
  origin: 'http://192.168.15.104:4200',
  referer: 'http://192.168.15.104:4200/',
  'accept-encoding': 'gzip, deflate',
  'accept-language': 'pt-BR,pt;q=0.9,en-US;q=0.8,en;q=0.7'
}
Body: {
  name: 'Humberto Caetano',
  email: 'humberto.ccs@gmail.com',
  username: 'humbertoccs',
  phone: '8132222222',
  user_level: 'Administrador(a)',
  password: 'abcdef'
}
Token recebido: Presente
Requisição POST /users recebida
Nova conexão estabelecida com o banco de dados
Cliente removido do pool
Erro ao criar usuário: error: bind message supplies 2 parameters, but prepared statement "" requires 1
    at /home/humberto/back/node_modules/pg-pool/index.js:45:11
    at process.processTicksAndRejections (node:internal/process/task_queues:95:5)
    at async /home/humberto/back/src/routes/users.routes.js:54:24 {
  length: 137,
  severity: 'ERROR',
  code: '08P01',
  detail: undefined,
  hint: undefined,
  position: undefined,
  internalPosition: undefined,
  internalQuery: undefined,
  where: undefined,
  schema: undefined,
  table: undefined,
  column: undefined,
  dataType: undefined,
  constraint: undefined,
  file: 'postgres.c',
  line: '1697',
  routine: 'exec_bind_message'
}
[0mPOST /api/users [31m500[0m 39.531 ms - 36[0m

> openacad-backend@1.0.0 start
> node src/index.js

Server is running on port 3000
Nova conexão estabelecida com o banco de dados
Testando conexão com o banco de dados...
Conexão com o banco de dados estabelecida em: 2024-11-17T12:37:35.961Z
POST /api/users
Headers: {
  host: '192.168.15.104:3000',
  connection: 'keep-alive',
  'content-length': '158',
  accept: 'application/json, text/plain, */*',
  authorization: 'Bearer eyJhbGciOiJIUzI1NiIsInR5cCI6IkpXVCJ9.eyJ1c2VySWQiOjEsInVzZXJMZXZlbCI6IkFkbWluaXN0cmFkb3IoYSkiLCJpYXQiOjE3MzE4NDUzMDQsImV4cCI6MTczMTkzMTcwNH0.qQ9CUtcu3NfUYhq68YWRLKx9kYKcptN0hd3WQ9Maskc',
  'user-agent': 'Mozilla/5.0 (Windows NT 10.0; Win64; x64) AppleWebKit/537.36 (KHTML, like Gecko) Chrome/128.0.0.0 Safari/537.36 OPR/114.0.0.0',
  'content-type': 'application/json',
  origin: 'http://192.168.15.104:4200',
  referer: 'http://192.168.15.104:4200/',
  'accept-encoding': 'gzip, deflate',
  'accept-language': 'pt-BR,pt;q=0.9,en-US;q=0.8,en;q=0.7'
}
Body: {
  name: 'Humberto Caetano',
  email: 'humberto.ccs@gmail.com',
  username: 'humbertoccs',
  phone: '8132222222',
  user_level: 'Administrador(a)',
  password: 'abcdef'
}
Token recebido: Presente
Requisição POST /users recebida
Dados recebidos: {
  name: 'Humberto Caetano',
  email: 'humberto.ccs@gmail.com',
  username: 'humbertoccs',
  phone: '8132222222',
  user_level: 'Administrador(a)',
  password: 'abcdef'
}
Usuário criado com sucesso: {
  id: 5,
  name: 'Humberto Caetano',
  email: 'humberto.ccs@gmail.com',
  username: 'humbertoccs',
  phone: '8132222222',
  user_level: 'Administrador(a)'
}
[0mPOST /api/users [32m201[0m 84.964 ms - 145[0m
GET /api/users
Headers: {
  host: '192.168.15.104:3000',
  connection: 'keep-alive',
  accept: 'application/json, text/plain, */*',
  authorization: 'Bearer eyJhbGciOiJIUzI1NiIsInR5cCI6IkpXVCJ9.eyJ1c2VySWQiOjEsInVzZXJMZXZlbCI6IkFkbWluaXN0cmFkb3IoYSkiLCJpYXQiOjE3MzE4NDUzMDQsImV4cCI6MTczMTkzMTcwNH0.qQ9CUtcu3NfUYhq68YWRLKx9kYKcptN0hd3WQ9Maskc',
  'user-agent': 'Mozilla/5.0 (Windows NT 10.0; Win64; x64) AppleWebKit/537.36 (KHTML, like Gecko) Chrome/128.0.0.0 Safari/537.36 OPR/114.0.0.0',
  'content-type': 'application/json',
  origin: 'http://192.168.15.104:4200',
  referer: 'http://192.168.15.104:4200/',
  'accept-encoding': 'gzip, deflate',
  'accept-language': 'pt-BR,pt;q=0.9,en-US;q=0.8,en;q=0.7'
}
Token recebido: Presente
Requisição GET /users recebida
Usuários encontrados: 3
[0mGET /api/users [32m200[0m 5.343 ms - 418[0m
Cliente removido do pool
GET /api/users
Headers: {
  host: '192.168.15.104:3000',
  connection: 'keep-alive',
  accept: 'application/json, text/plain, */*',
  authorization: 'Bearer eyJhbGciOiJIUzI1NiIsInR5cCI6IkpXVCJ9.eyJ1c2VySWQiOjEsInVzZXJMZXZlbCI6IkFkbWluaXN0cmFkb3IoYSkiLCJpYXQiOjE3MzE4NDUzMDQsImV4cCI6MTczMTkzMTcwNH0.qQ9CUtcu3NfUYhq68YWRLKx9kYKcptN0hd3WQ9Maskc',
  'user-agent': 'Mozilla/5.0 (Windows NT 10.0; Win64; x64) AppleWebKit/537.36 (KHTML, like Gecko) Chrome/128.0.0.0 Safari/537.36 OPR/114.0.0.0',
  'content-type': 'application/json',
  origin: 'http://192.168.15.104:4200',
  referer: 'http://192.168.15.104:4200/',
  'accept-encoding': 'gzip, deflate',
  'accept-language': 'pt-BR,pt;q=0.9,en-US;q=0.8,en;q=0.7',
  'if-none-match': 'W/"1a2-nUTfMIRp8n5XqFhdxSWQBcuwt+8"'
}
Token recebido: Presente
Requisição GET /users recebida
Nova conexão estabelecida com o banco de dados
Usuários encontrados: 3
[0mGET /api/users [36m304[0m 16.607 ms - -[0m
Cliente removido do pool
GET /api/users
Headers: {
  host: '192.168.15.104:3000',
  connection: 'keep-alive',
  accept: 'application/json, text/plain, */*',
  authorization: 'Bearer eyJhbGciOiJIUzI1NiIsInR5cCI6IkpXVCJ9.eyJ1c2VySWQiOjEsInVzZXJMZXZlbCI6IkFkbWluaXN0cmFkb3IoYSkiLCJpYXQiOjE3MzE4NDUzMDQsImV4cCI6MTczMTkzMTcwNH0.qQ9CUtcu3NfUYhq68YWRLKx9kYKcptN0hd3WQ9Maskc',
  'user-agent': 'Mozilla/5.0 (Windows NT 10.0; Win64; x64) AppleWebKit/537.36 (KHTML, like Gecko) Chrome/128.0.0.0 Safari/537.36 OPR/114.0.0.0',
  'content-type': 'application/json',
  origin: 'http://192.168.15.104:4200',
  referer: 'http://192.168.15.104:4200/',
  'accept-encoding': 'gzip, deflate',
  'accept-language': 'pt-BR,pt;q=0.9,en-US;q=0.8,en;q=0.7',
  'if-none-match': 'W/"1a2-nUTfMIRp8n5XqFhdxSWQBcuwt+8"'
}
Token recebido: Presente
Requisição GET /users recebida
Nova conexão estabelecida com o banco de dados
Usuários encontrados: 3
[0mGET /api/users [36m304[0m 14.428 ms - -[0m
Cliente removido do pool
GET /api/users
Headers: {
  host: '192.168.15.104:3000',
  connection: 'keep-alive',
  accept: 'application/json, text/plain, */*',
  authorization: 'Bearer eyJhbGciOiJIUzI1NiIsInR5cCI6IkpXVCJ9.eyJ1c2VySWQiOjEsInVzZXJMZXZlbCI6IkFkbWluaXN0cmFkb3IoYSkiLCJpYXQiOjE3MzE4NDUzMDQsImV4cCI6MTczMTkzMTcwNH0.qQ9CUtcu3NfUYhq68YWRLKx9kYKcptN0hd3WQ9Maskc',
  'user-agent': 'Mozilla/5.0 (Windows NT 10.0; Win64; x64) AppleWebKit/537.36 (KHTML, like Gecko) Chrome/128.0.0.0 Safari/537.36 OPR/114.0.0.0',
  'content-type': 'application/json',
  origin: 'http://192.168.15.104:4200',
  referer: 'http://192.168.15.104:4200/',
  'accept-encoding': 'gzip, deflate',
  'accept-language': 'pt-BR,pt;q=0.9,en-US;q=0.8,en;q=0.7',
  'if-none-match': 'W/"1a2-nUTfMIRp8n5XqFhdxSWQBcuwt+8"'
}
Token recebido: Presente
Requisição GET /users recebida
Nova conexão estabelecida com o banco de dados
Usuários encontrados: 3
[0mGET /api/users [36m304[0m 15.068 ms - -[0m
POST /api/auth/login
Headers: {
  host: '192.168.15.104:3000',
  connection: 'keep-alive',
  'content-length': '75',
  accept: 'application/json, text/plain, */*',
  'user-agent': 'Mozilla/5.0 (Windows NT 10.0; Win64; x64) AppleWebKit/537.36 (KHTML, like Gecko) Chrome/128.0.0.0 Safari/537.36 OPR/114.0.0.0',
  'content-type': 'application/json',
  origin: 'http://192.168.15.104:4200',
  referer: 'http://192.168.15.104:4200/',
  'accept-encoding': 'gzip, deflate',
  'accept-language': 'pt-BR,pt;q=0.9,en-US;q=0.8,en;q=0.7'
}
Body: {
  email: 'admin@openacad.com',
  password: '123456',
  schoolCode: 'SCHOOL001'
}
Login attempt for: admin@openacad.com
Found user: {
  id: 1,
  email: 'admin@openacad.com',
  passwordHashLength: 60,
  schoolCode: 'SCHOOL001'
}
Attempting password validation...
Received password length: 6
Stored hash: $2b$10$YxlY3fLmY/bFP1xMsOqv3.WmhoMdSoNsXKLcOz1adRxGDUcK.sChq
Password validation result: true
Login successful
[0mPOST /api/auth/login [32m200[0m 67.240 ms - 295[0m
GET /api/users
Headers: {
  host: '192.168.15.104:3000',
  connection: 'keep-alive',
  accept: 'application/json, text/plain, */*',
  authorization: 'Bearer eyJhbGciOiJIUzI1NiIsInR5cCI6IkpXVCJ9.eyJ1c2VySWQiOjEsInVzZXJMZXZlbCI6IkFkbWluaXN0cmFkb3IoYSkiLCJpYXQiOjE3MzE4NDg2NjgsImV4cCI6MTczMTkzNTA2OH0.4_PhFkRf-kJbl_fJcU_LM99kKeuLcV9S_oCAkEiWGsE',
  'user-agent': 'Mozilla/5.0 (Windows NT 10.0; Win64; x64) AppleWebKit/537.36 (KHTML, like Gecko) Chrome/128.0.0.0 Safari/537.36 OPR/114.0.0.0',
  'content-type': 'application/json',
  origin: 'http://192.168.15.104:4200',
  referer: 'http://192.168.15.104:4200/',
  'accept-encoding': 'gzip, deflate',
  'accept-language': 'pt-BR,pt;q=0.9,en-US;q=0.8,en;q=0.7',
  'if-none-match': 'W/"1a2-nUTfMIRp8n5XqFhdxSWQBcuwt+8"'
}
Token recebido: Presente
Requisição GET /users recebida
Usuários encontrados: 3
[0mGET /api/users [36m304[0m 2.971 ms - -[0m
PUT /api/users/4
Headers: {
  host: '192.168.15.104:3000',
  connection: 'keep-alive',
  'content-length': '132',
  accept: 'application/json, text/plain, */*',
  authorization: 'Bearer eyJhbGciOiJIUzI1NiIsInR5cCI6IkpXVCJ9.eyJ1c2VySWQiOjEsInVzZXJMZXZlbCI6IkFkbWluaXN0cmFkb3IoYSkiLCJpYXQiOjE3MzE4NDg2NjgsImV4cCI6MTczMTkzNTA2OH0.4_PhFkRf-kJbl_fJcU_LM99kKeuLcV9S_oCAkEiWGsE',
  'user-agent': 'Mozilla/5.0 (Windows NT 10.0; Win64; x64) AppleWebKit/537.36 (KHTML, like Gecko) Chrome/128.0.0.0 Safari/537.36 OPR/114.0.0.0',
  'content-type': 'application/json',
  origin: 'http://192.168.15.104:4200',
  referer: 'http://192.168.15.104:4200/',
  'accept-encoding': 'gzip, deflate',
  'accept-language': 'pt-BR,pt;q=0.9,en-US;q=0.8,en;q=0.7'
}
Token recebido: Presente
[0mPUT /api/users/4 [33m404[0m 8.517 ms - 150[0m
Cliente removido do pool
PUT /api/users/4
Headers: {
  host: '192.168.15.104:3000',
  connection: 'keep-alive',
  'content-length': '132',
  accept: 'application/json, text/plain, */*',
  authorization: 'Bearer eyJhbGciOiJIUzI1NiIsInR5cCI6IkpXVCJ9.eyJ1c2VySWQiOjEsInVzZXJMZXZlbCI6IkFkbWluaXN0cmFkb3IoYSkiLCJpYXQiOjE3MzE4NDg2NjgsImV4cCI6MTczMTkzNTA2OH0.4_PhFkRf-kJbl_fJcU_LM99kKeuLcV9S_oCAkEiWGsE',
  'user-agent': 'Mozilla/5.0 (Windows NT 10.0; Win64; x64) AppleWebKit/537.36 (KHTML, like Gecko) Chrome/128.0.0.0 Safari/537.36 OPR/114.0.0.0',
  'content-type': 'application/json',
  origin: 'http://192.168.15.104:4200',
  referer: 'http://192.168.15.104:4200/',
  'accept-encoding': 'gzip, deflate',
  'accept-language': 'pt-BR,pt;q=0.9,en-US;q=0.8,en;q=0.7'
}
Token recebido: Presente
[0mPUT /api/users/4 [33m404[0m 7.204 ms - 150[0m
GET /api/users
Headers: {
  host: '192.168.15.104:3000',
  connection: 'keep-alive',
  accept: 'application/json, text/plain, */*',
  authorization: 'Bearer eyJhbGciOiJIUzI1NiIsInR5cCI6IkpXVCJ9.eyJ1c2VySWQiOjEsInVzZXJMZXZlbCI6IkFkbWluaXN0cmFkb3IoYSkiLCJpYXQiOjE3MzE4NDg2NjgsImV4cCI6MTczMTkzNTA2OH0.4_PhFkRf-kJbl_fJcU_LM99kKeuLcV9S_oCAkEiWGsE',
  'user-agent': 'Mozilla/5.0 (Windows NT 10.0; Win64; x64) AppleWebKit/537.36 (KHTML, like Gecko) Chrome/128.0.0.0 Safari/537.36 OPR/114.0.0.0',
  'content-type': 'application/json',
  origin: 'http://192.168.15.104:4200',
  referer: 'http://192.168.15.104:4200/',
  'accept-encoding': 'gzip, deflate',
  'accept-language': 'pt-BR,pt;q=0.9,en-US;q=0.8,en;q=0.7',
  'if-none-match': 'W/"1a2-nUTfMIRp8n5XqFhdxSWQBcuwt+8"'
}
Token recebido: Presente
Requisição GET /users recebida
Nova conexão estabelecida com o banco de dados
Usuários encontrados: 3
[0mGET /api/users [36m304[0m 20.771 ms - -[0m
Cliente removido do pool
GET /api/users
Headers: {
  host: '192.168.15.104:3000',
  connection: 'keep-alive',
  accept: 'application/json, text/plain, */*',
  authorization: 'Bearer eyJhbGciOiJIUzI1NiIsInR5cCI6IkpXVCJ9.eyJ1c2VySWQiOjEsInVzZXJMZXZlbCI6IkFkbWluaXN0cmFkb3IoYSkiLCJpYXQiOjE3MzE4NDg2NjgsImV4cCI6MTczMTkzNTA2OH0.4_PhFkRf-kJbl_fJcU_LM99kKeuLcV9S_oCAkEiWGsE',
  'user-agent': 'Mozilla/5.0 (Windows NT 10.0; Win64; x64) AppleWebKit/537.36 (KHTML, like Gecko) Chrome/128.0.0.0 Safari/537.36 OPR/114.0.0.0',
  'content-type': 'application/json',
  origin: 'http://192.168.15.104:4200',
  referer: 'http://192.168.15.104:4200/',
  'accept-encoding': 'gzip, deflate',
  'accept-language': 'pt-BR,pt;q=0.9,en-US;q=0.8,en;q=0.7',
  'if-none-match': 'W/"1a2-nUTfMIRp8n5XqFhdxSWQBcuwt+8"'
}
Token recebido: Presente
Requisição GET /users recebida
Nova conexão estabelecida com o banco de dados
Usuários encontrados: 3
[0mGET /api/users [36m304[0m 15.702 ms - -[0m

> openacad-backend@1.0.0 start
> node src/index.js

Server is running on port 3000
Nova conexão estabelecida com o banco de dados
Testando conexão com o banco de dados...
Conexão com o banco de dados estabelecida em: 2024-11-17T13:11:45.239Z
POST /api/auth/login
Headers: {
  host: '192.168.15.104:3000',
  connection: 'keep-alive',
  'content-length': '75',
  accept: 'application/json, text/plain, */*',
  'user-agent': 'Mozilla/5.0 (Windows NT 10.0; Win64; x64) AppleWebKit/537.36 (KHTML, like Gecko) Chrome/128.0.0.0 Safari/537.36 OPR/114.0.0.0',
  'content-type': 'application/json',
  origin: 'http://192.168.15.104:4200',
  referer: 'http://192.168.15.104:4200/',
  'accept-encoding': 'gzip, deflate',
  'accept-language': 'pt-BR,pt;q=0.9,en-US;q=0.8,en;q=0.7'
}
Body: {
  email: 'admin@openacad.com',
  password: '123456',
  schoolCode: 'SCHOOL001'
}
Login attempt for: admin@openacad.com
Found user: {
  id: 1,
  email: 'admin@openacad.com',
  passwordHashLength: 60,
  schoolCode: 'SCHOOL001'
}
Attempting password validation...
Received password length: 6
Stored hash: $2b$10$YxlY3fLmY/bFP1xMsOqv3.WmhoMdSoNsXKLcOz1adRxGDUcK.sChq
Password validation result: true
Login successful
[0mPOST /api/auth/login [32m200[0m 88.428 ms - 295[0m
GET /api/users
Headers: {
  host: '192.168.15.104:3000',
  connection: 'keep-alive',
  accept: 'application/json, text/plain, */*',
  authorization: 'Bearer eyJhbGciOiJIUzI1NiIsInR5cCI6IkpXVCJ9.eyJ1c2VySWQiOjEsInVzZXJMZXZlbCI6IkFkbWluaXN0cmFkb3IoYSkiLCJpYXQiOjE3MzE4NDkxMjAsImV4cCI6MTczMTkzNTUyMH0.xsK0myYBORTv1k3LHzOpRJNo7-sXlolUbDv4qulbs40',
  'user-agent': 'Mozilla/5.0 (Windows NT 10.0; Win64; x64) AppleWebKit/537.36 (KHTML, like Gecko) Chrome/128.0.0.0 Safari/537.36 OPR/114.0.0.0',
  'content-type': 'application/json',
  origin: 'http://192.168.15.104:4200',
  referer: 'http://192.168.15.104:4200/',
  'accept-encoding': 'gzip, deflate',
  'accept-language': 'pt-BR,pt;q=0.9,en-US;q=0.8,en;q=0.7',
  'if-none-match': 'W/"1a2-nUTfMIRp8n5XqFhdxSWQBcuwt+8"'
}
Token recebido: Presente
Requisição GET /users recebida
Usuários encontrados: 3
[0mGET /api/users [36m304[0m 5.005 ms - -[0m
PUT /api/users/4
Headers: {
  host: '192.168.15.104:3000',
  connection: 'keep-alive',
  'content-length': '132',
  accept: 'application/json, text/plain, */*',
  authorization: 'Bearer eyJhbGciOiJIUzI1NiIsInR5cCI6IkpXVCJ9.eyJ1c2VySWQiOjEsInVzZXJMZXZlbCI6IkFkbWluaXN0cmFkb3IoYSkiLCJpYXQiOjE3MzE4NDkxMjAsImV4cCI6MTczMTkzNTUyMH0.xsK0myYBORTv1k3LHzOpRJNo7-sXlolUbDv4qulbs40',
  'user-agent': 'Mozilla/5.0 (Windows NT 10.0; Win64; x64) AppleWebKit/537.36 (KHTML, like Gecko) Chrome/128.0.0.0 Safari/537.36 OPR/114.0.0.0',
  'content-type': 'application/json',
  origin: 'http://192.168.15.104:4200',
  referer: 'http://192.168.15.104:4200/',
  'accept-encoding': 'gzip, deflate',
  'accept-language': 'pt-BR,pt;q=0.9,en-US;q=0.8,en;q=0.7'
}
Token recebido: Presente
[0mPUT /api/users/4 [32m200[0m 17.772 ms - 132[0m
GET /api/users
Headers: {
  host: '192.168.15.104:3000',
  connection: 'keep-alive',
  accept: 'application/json, text/plain, */*',
  authorization: 'Bearer eyJhbGciOiJIUzI1NiIsInR5cCI6IkpXVCJ9.eyJ1c2VySWQiOjEsInVzZXJMZXZlbCI6IkFkbWluaXN0cmFkb3IoYSkiLCJpYXQiOjE3MzE4NDkxMjAsImV4cCI6MTczMTkzNTUyMH0.xsK0myYBORTv1k3LHzOpRJNo7-sXlolUbDv4qulbs40',
  'user-agent': 'Mozilla/5.0 (Windows NT 10.0; Win64; x64) AppleWebKit/537.36 (KHTML, like Gecko) Chrome/128.0.0.0 Safari/537.36 OPR/114.0.0.0',
  'content-type': 'application/json',
  origin: 'http://192.168.15.104:4200',
  referer: 'http://192.168.15.104:4200/',
  'accept-encoding': 'gzip, deflate',
  'accept-language': 'pt-BR,pt;q=0.9,en-US;q=0.8,en;q=0.7',
  'if-none-match': 'W/"1a2-nUTfMIRp8n5XqFhdxSWQBcuwt+8"'
}
Token recebido: Presente
Requisição GET /users recebida
Usuários encontrados: 3
[0mGET /api/users [32m200[0m 3.666 ms - 414[0m
GET /api/users
Headers: {
  host: '192.168.15.104:3000',
  connection: 'keep-alive',
  accept: 'application/json, text/plain, */*',
  authorization: 'Bearer eyJhbGciOiJIUzI1NiIsInR5cCI6IkpXVCJ9.eyJ1c2VySWQiOjEsInVzZXJMZXZlbCI6IkFkbWluaXN0cmFkb3IoYSkiLCJpYXQiOjE3MzE4NDkxMjAsImV4cCI6MTczMTkzNTUyMH0.xsK0myYBORTv1k3LHzOpRJNo7-sXlolUbDv4qulbs40',
  'user-agent': 'Mozilla/5.0 (Windows NT 10.0; Win64; x64) AppleWebKit/537.36 (KHTML, like Gecko) Chrome/128.0.0.0 Safari/537.36 OPR/114.0.0.0',
  'content-type': 'application/json',
  origin: 'http://192.168.15.104:4200',
  referer: 'http://192.168.15.104:4200/',
  'accept-encoding': 'gzip, deflate',
  'accept-language': 'pt-BR,pt;q=0.9,en-US;q=0.8,en;q=0.7',
  'if-none-match': 'W/"19e-KeE+mnjijhMpvUgaDveHXmkYPCg"'
}
Token recebido: Presente
Requisição GET /users recebida
Usuários encontrados: 3
[0mGET /api/users [36m304[0m 3.733 ms - -[0m
PUT /api/users/4
Headers: {
  host: '192.168.15.104:3000',
  connection: 'keep-alive',
  'content-length': '205',
  accept: 'application/json, text/plain, */*',
  authorization: 'Bearer eyJhbGciOiJIUzI1NiIsInR5cCI6IkpXVCJ9.eyJ1c2VySWQiOjEsInVzZXJMZXZlbCI6IkFkbWluaXN0cmFkb3IoYSkiLCJpYXQiOjE3MzE4NDkxMjAsImV4cCI6MTczMTkzNTUyMH0.xsK0myYBORTv1k3LHzOpRJNo7-sXlolUbDv4qulbs40',
  'user-agent': 'Mozilla/5.0 (Windows NT 10.0; Win64; x64) AppleWebKit/537.36 (KHTML, like Gecko) Chrome/128.0.0.0 Safari/537.36 OPR/114.0.0.0',
  'content-type': 'application/json',
  origin: 'http://192.168.15.104:4200',
  referer: 'http://192.168.15.104:4200/',
  'accept-encoding': 'gzip, deflate',
  'accept-language': 'pt-BR,pt;q=0.9,en-US;q=0.8,en;q=0.7'
}
Token recebido: Presente
[0mPUT /api/users/4 [32m200[0m 66.582 ms - 132[0m
GET /api/users
Headers: {
  host: '192.168.15.104:3000',
  connection: 'keep-alive',
  accept: 'application/json, text/plain, */*',
  authorization: 'Bearer eyJhbGciOiJIUzI1NiIsInR5cCI6IkpXVCJ9.eyJ1c2VySWQiOjEsInVzZXJMZXZlbCI6IkFkbWluaXN0cmFkb3IoYSkiLCJpYXQiOjE3MzE4NDkxMjAsImV4cCI6MTczMTkzNTUyMH0.xsK0myYBORTv1k3LHzOpRJNo7-sXlolUbDv4qulbs40',
  'user-agent': 'Mozilla/5.0 (Windows NT 10.0; Win64; x64) AppleWebKit/537.36 (KHTML, like Gecko) Chrome/128.0.0.0 Safari/537.36 OPR/114.0.0.0',
  'content-type': 'application/json',
  origin: 'http://192.168.15.104:4200',
  referer: 'http://192.168.15.104:4200/',
  'accept-encoding': 'gzip, deflate',
  'accept-language': 'pt-BR,pt;q=0.9,en-US;q=0.8,en;q=0.7',
  'if-none-match': 'W/"19e-KeE+mnjijhMpvUgaDveHXmkYPCg"'
}
Token recebido: Presente
Requisição GET /users recebida
Usuários encontrados: 3
[0mGET /api/users [36m304[0m 4.254 ms - -[0m
POST /api/auth/login
Headers: {
  host: '192.168.15.104:3000',
  connection: 'keep-alive',
  'content-length': '78',
  accept: 'application/json, text/plain, */*',
  'user-agent': 'Mozilla/5.0 (Windows NT 10.0; Win64; x64) AppleWebKit/537.36 (KHTML, like Gecko) Chrome/128.0.0.0 Safari/537.36 OPR/114.0.0.0',
  'content-type': 'application/json',
  origin: 'http://192.168.15.104:4200',
  referer: 'http://192.168.15.104:4200/',
  'accept-encoding': 'gzip, deflate',
  'accept-language': 'pt-BR,pt;q=0.9,en-US;q=0.8,en;q=0.7'
}
Body: {
  email: 'admin2@openacad.com',
  password: 'abcdefgh',
  schoolCode: 'SCHOOL001'
}
Login attempt for: admin2@openacad.com
Found user: {
  id: 4,
  email: 'admin2@openacad.com',
  passwordHashLength: 60,
  schoolCode: 'SCHOOL001'
}
Attempting password validation...
Received password length: 8
Stored hash: $2b$10$.upvASBaPsxiuwpV98TeJevmrbuskp.cQrEe/EaJTYPtx5sLjKQL6
Password validation result: true
Login successful
[0mPOST /api/auth/login [32m200[0m 63.950 ms - 285[0m
GET /api/users
Headers: {
  host: '192.168.15.104:3000',
  connection: 'keep-alive',
  accept: 'application/json, text/plain, */*',
  authorization: 'Bearer eyJhbGciOiJIUzI1NiIsInR5cCI6IkpXVCJ9.eyJ1c2VySWQiOjQsInVzZXJMZXZlbCI6IlByb2Zlc3NvcihhKSIsImlhdCI6MTczMTg0OTE3OSwiZXhwIjoxNzMxOTM1NTc5fQ.5YBkqzvucWbySt7nYdsL0j8tpTVlxjBop2gOATDzLQM',
  'user-agent': 'Mozilla/5.0 (Windows NT 10.0; Win64; x64) AppleWebKit/537.36 (KHTML, like Gecko) Chrome/128.0.0.0 Safari/537.36 OPR/114.0.0.0',
  'content-type': 'application/json',
  origin: 'http://192.168.15.104:4200',
  referer: 'http://192.168.15.104:4200/',
  'accept-encoding': 'gzip, deflate',
  'accept-language': 'pt-BR,pt;q=0.9,en-US;q=0.8,en;q=0.7',
  'if-none-match': 'W/"19e-KeE+mnjijhMpvUgaDveHXmkYPCg"'
}
Token recebido: Presente
Requisição GET /users recebida
Usuários encontrados: 3
[0mGET /api/users [36m304[0m 3.883 ms - -[0m
Cliente removido do pool
GET /api/users
Headers: {
  host: '192.168.15.104:3000',
  connection: 'keep-alive',
  accept: 'application/json, text/plain, */*',
  authorization: 'Bearer eyJhbGciOiJIUzI1NiIsInR5cCI6IkpXVCJ9.eyJ1c2VySWQiOjQsInVzZXJMZXZlbCI6IlByb2Zlc3NvcihhKSIsImlhdCI6MTczMTg0OTE3OSwiZXhwIjoxNzMxOTM1NTc5fQ.5YBkqzvucWbySt7nYdsL0j8tpTVlxjBop2gOATDzLQM',
  'user-agent': 'Mozilla/5.0 (Windows NT 10.0; Win64; x64) AppleWebKit/537.36 (KHTML, like Gecko) Chrome/128.0.0.0 Safari/537.36 OPR/114.0.0.0',
  'content-type': 'application/json',
  origin: 'http://192.168.15.104:4200',
  referer: 'http://192.168.15.104:4200/',
  'accept-encoding': 'gzip, deflate',
  'accept-language': 'pt-BR,pt;q=0.9,en-US;q=0.8,en;q=0.7',
  'if-none-match': 'W/"19e-KeE+mnjijhMpvUgaDveHXmkYPCg"'
}
Token recebido: Presente
Requisição GET /users recebida
Nova conexão estabelecida com o banco de dados
Usuários encontrados: 3
[0mGET /api/users [36m304[0m 15.027 ms - -[0m
DELETE /api/users/4
Headers: {
  host: '192.168.15.104:3000',
  connection: 'keep-alive',
  accept: 'application/json, text/plain, */*',
  authorization: 'Bearer eyJhbGciOiJIUzI1NiIsInR5cCI6IkpXVCJ9.eyJ1c2VySWQiOjQsInVzZXJMZXZlbCI6IlByb2Zlc3NvcihhKSIsImlhdCI6MTczMTg0OTE3OSwiZXhwIjoxNzMxOTM1NTc5fQ.5YBkqzvucWbySt7nYdsL0j8tpTVlxjBop2gOATDzLQM',
  'user-agent': 'Mozilla/5.0 (Windows NT 10.0; Win64; x64) AppleWebKit/537.36 (KHTML, like Gecko) Chrome/128.0.0.0 Safari/537.36 OPR/114.0.0.0',
  origin: 'http://192.168.15.104:4200',
  referer: 'http://192.168.15.104:4200/',
  'accept-encoding': 'gzip, deflate',
  'accept-language': 'pt-BR,pt;q=0.9,en-US;q=0.8,en;q=0.7'
}
Token recebido: Presente
[0mDELETE /api/users/4 [32m200[0m 7.069 ms - 44[0m
GET /api/users
Headers: {
  host: '192.168.15.104:3000',
  connection: 'keep-alive',
  accept: 'application/json, text/plain, */*',
  authorization: 'Bearer eyJhbGciOiJIUzI1NiIsInR5cCI6IkpXVCJ9.eyJ1c2VySWQiOjQsInVzZXJMZXZlbCI6IlByb2Zlc3NvcihhKSIsImlhdCI6MTczMTg0OTE3OSwiZXhwIjoxNzMxOTM1NTc5fQ.5YBkqzvucWbySt7nYdsL0j8tpTVlxjBop2gOATDzLQM',
  'user-agent': 'Mozilla/5.0 (Windows NT 10.0; Win64; x64) AppleWebKit/537.36 (KHTML, like Gecko) Chrome/128.0.0.0 Safari/537.36 OPR/114.0.0.0',
  'content-type': 'application/json',
  origin: 'http://192.168.15.104:4200',
  referer: 'http://192.168.15.104:4200/',
  'accept-encoding': 'gzip, deflate',
  'accept-language': 'pt-BR,pt;q=0.9,en-US;q=0.8,en;q=0.7',
  'if-none-match': 'W/"19e-KeE+mnjijhMpvUgaDveHXmkYPCg"'
}
Token recebido: Presente
Requisição GET /users recebida
Usuários encontrados: 2
[0mGET /api/users [32m200[0m 3.088 ms - 281[0m
GET /api/users
Headers: {
  host: '192.168.15.104:3000',
  connection: 'keep-alive',
  accept: 'application/json, text/plain, */*',
  authorization: 'Bearer eyJhbGciOiJIUzI1NiIsInR5cCI6IkpXVCJ9.eyJ1c2VySWQiOjQsInVzZXJMZXZlbCI6IlByb2Zlc3NvcihhKSIsImlhdCI6MTczMTg0OTE3OSwiZXhwIjoxNzMxOTM1NTc5fQ.5YBkqzvucWbySt7nYdsL0j8tpTVlxjBop2gOATDzLQM',
  'user-agent': 'Mozilla/5.0 (Windows NT 10.0; Win64; x64) AppleWebKit/537.36 (KHTML, like Gecko) Chrome/128.0.0.0 Safari/537.36 OPR/114.0.0.0',
  'content-type': 'application/json',
  origin: 'http://192.168.15.104:4200',
  referer: 'http://192.168.15.104:4200/',
  'accept-encoding': 'gzip, deflate',
  'accept-language': 'pt-BR,pt;q=0.9,en-US;q=0.8,en;q=0.7',
  'if-none-match': 'W/"119-GwMzDZnmja4+0N1beZDZkBnJdfA"'
}
Token recebido: Presente
Requisição GET /users recebida
Usuários encontrados: 2
[0mGET /api/users [36m304[0m 4.013 ms - -[0m
PUT /api/users/5
Headers: {
  host: '192.168.15.104:3000',
  connection: 'keep-alive',
  'content-length': '141',
  accept: 'application/json, text/plain, */*',
  authorization: 'Bearer eyJhbGciOiJIUzI1NiIsInR5cCI6IkpXVCJ9.eyJ1c2VySWQiOjQsInVzZXJMZXZlbCI6IlByb2Zlc3NvcihhKSIsImlhdCI6MTczMTg0OTE3OSwiZXhwIjoxNzMxOTM1NTc5fQ.5YBkqzvucWbySt7nYdsL0j8tpTVlxjBop2gOATDzLQM',
  'user-agent': 'Mozilla/5.0 (Windows NT 10.0; Win64; x64) AppleWebKit/537.36 (KHTML, like Gecko) Chrome/128.0.0.0 Safari/537.36 OPR/114.0.0.0',
  'content-type': 'application/json',
  origin: 'http://192.168.15.104:4200',
  referer: 'http://192.168.15.104:4200/',
  'accept-encoding': 'gzip, deflate',
  'accept-language': 'pt-BR,pt;q=0.9,en-US;q=0.8,en;q=0.7'
}
Token recebido: Presente
[0mPUT /api/users/5 [32m200[0m 10.575 ms - 141[0m
GET /api/users
Headers: {
  host: '192.168.15.104:3000',
  connection: 'keep-alive',
  accept: 'application/json, text/plain, */*',
  authorization: 'Bearer eyJhbGciOiJIUzI1NiIsInR5cCI6IkpXVCJ9.eyJ1c2VySWQiOjQsInVzZXJMZXZlbCI6IlByb2Zlc3NvcihhKSIsImlhdCI6MTczMTg0OTE3OSwiZXhwIjoxNzMxOTM1NTc5fQ.5YBkqzvucWbySt7nYdsL0j8tpTVlxjBop2gOATDzLQM',
  'user-agent': 'Mozilla/5.0 (Windows NT 10.0; Win64; x64) AppleWebKit/537.36 (KHTML, like Gecko) Chrome/128.0.0.0 Safari/537.36 OPR/114.0.0.0',
  'content-type': 'application/json',
  origin: 'http://192.168.15.104:4200',
  referer: 'http://192.168.15.104:4200/',
  'accept-encoding': 'gzip, deflate',
  'accept-language': 'pt-BR,pt;q=0.9,en-US;q=0.8,en;q=0.7',
  'if-none-match': 'W/"119-GwMzDZnmja4+0N1beZDZkBnJdfA"'
}
Token recebido: Presente
Requisição GET /users recebida
Usuários encontrados: 2
[0mGET /api/users [32m200[0m 3.404 ms - 277[0m
Cliente removido do pool

> openacad-backend@1.0.0 start
> node src/index.js

Server is running on port 3000
Nova conexão estabelecida com o banco de dados
Testando conexão com o banco de dados...
Conexão com o banco de dados estabelecida em: 2024-11-20T13:22:28.195Z
Cliente removido do pool
GET /api/users
Headers: {
  host: '192.168.15.104:3000',
  connection: 'keep-alive',
  accept: 'application/json, text/plain, */*',
  authorization: 'Bearer eyJhbGciOiJIUzI1NiIsInR5cCI6IkpXVCJ9.eyJ1c2VySWQiOjQsInVzZXJMZXZlbCI6IlByb2Zlc3NvcihhKSIsImlhdCI6MTczMTg0OTE3OSwiZXhwIjoxNzMxOTM1NTc5fQ.5YBkqzvucWbySt7nYdsL0j8tpTVlxjBop2gOATDzLQM',
  'user-agent': 'Mozilla/5.0 (Windows NT 10.0; Win64; x64) AppleWebKit/537.36 (KHTML, like Gecko) Chrome/128.0.0.0 Safari/537.36 OPR/114.0.0.0',
  'content-type': 'application/json',
  origin: 'http://192.168.15.104:4200',
  referer: 'http://192.168.15.104:4200/',
  'accept-encoding': 'gzip, deflate',
  'accept-language': 'pt-BR,pt;q=0.9,en-US;q=0.8,en;q=0.7',
  'if-none-match': 'W/"115-+SOaJYsxErDv83szLZsPdtQ+atk"'
}
Token recebido: Presente
Requisição GET /users recebida
Nova conexão estabelecida com o banco de dados
Usuários encontrados: 2
[0mGET /api/users [36m304[0m 25.976 ms - -[0m
Cliente removido do pool
POST /api/users
Headers: {
  host: '192.168.15.104:3000',
  connection: 'keep-alive',
  'content-length': '141',
  accept: 'application/json, text/plain, */*',
  authorization: 'Bearer eyJhbGciOiJIUzI1NiIsInR5cCI6IkpXVCJ9.eyJ1c2VySWQiOjQsInVzZXJMZXZlbCI6IlByb2Zlc3NvcihhKSIsImlhdCI6MTczMTg0OTE3OSwiZXhwIjoxNzMxOTM1NTc5fQ.5YBkqzvucWbySt7nYdsL0j8tpTVlxjBop2gOATDzLQM',
  'user-agent': 'Mozilla/5.0 (Windows NT 10.0; Win64; x64) AppleWebKit/537.36 (KHTML, like Gecko) Chrome/128.0.0.0 Safari/537.36 OPR/114.0.0.0',
  'content-type': 'application/json',
  origin: 'http://192.168.15.104:4200',
  referer: 'http://192.168.15.104:4200/',
  'accept-encoding': 'gzip, deflate',
  'accept-language': 'pt-BR,pt;q=0.9,en-US;q=0.8,en;q=0.7'
}
Body: {
  name: 'Camilla',
  email: 'camilla@gmail.com',
  username: 'camilladmcds',
  phone: '8132222222',
  user_level: 'Professor(a)',
  password: '123456'
}
Token recebido: Presente
Requisição POST /users recebida
Dados recebidos: {
  name: 'Camilla',
  email: 'camilla@gmail.com',
  username: 'camilladmcds',
  phone: '8132222222',
  user_level: 'Professor(a)',
  password: '123456'
}
Nova conexão estabelecida com o banco de dados
Usuário criado com sucesso: {
  id: 6,
  name: 'Camilla',
  email: 'camilla@gmail.com',
  username: 'camilladmcds',
  phone: '8132222222',
  user_level: 'Professor(a)'
}
[0mPOST /api/users [32m201[0m 102.053 ms - 128[0m
GET /api/users
Headers: {
  host: '192.168.15.104:3000',
  connection: 'keep-alive',
  accept: 'application/json, text/plain, */*',
  authorization: 'Bearer eyJhbGciOiJIUzI1NiIsInR5cCI6IkpXVCJ9.eyJ1c2VySWQiOjQsInVzZXJMZXZlbCI6IlByb2Zlc3NvcihhKSIsImlhdCI6MTczMTg0OTE3OSwiZXhwIjoxNzMxOTM1NTc5fQ.5YBkqzvucWbySt7nYdsL0j8tpTVlxjBop2gOATDzLQM',
  'user-agent': 'Mozilla/5.0 (Windows NT 10.0; Win64; x64) AppleWebKit/537.36 (KHTML, like Gecko) Chrome/128.0.0.0 Safari/537.36 OPR/114.0.0.0',
  'content-type': 'application/json',
  origin: 'http://192.168.15.104:4200',
  referer: 'http://192.168.15.104:4200/',
  'accept-encoding': 'gzip, deflate',
  'accept-language': 'pt-BR,pt;q=0.9,en-US;q=0.8,en;q=0.7'
}
Token recebido: Presente
Requisição GET /users recebida
Usuários encontrados: 3
[0mGET /api/users [32m200[0m 1.862 ms - 406[0m
Cliente removido do pool

> openacad-backend@1.0.0 start
> node src/index.js

/home/humberto/openacad/openacad-back/src/index.js:14
app.use('/api/user-levels', userLevelsRouter);
^

ReferenceError: Cannot access 'app' before initialization
    at Object.<anonymous> (/home/humberto/openacad/openacad-back/src/index.js:14:1)
    at Module._compile (node:internal/modules/cjs/loader:1356:14)
    at Module._extensions..js (node:internal/modules/cjs/loader:1414:10)
    at Module.load (node:internal/modules/cjs/loader:1197:32)
    at Module._load (node:internal/modules/cjs/loader:1013:12)
    at Function.executeUserEntryPoint [as runMain] (node:internal/modules/run_main:128:12)
    at node:internal/main/run_main_module:28:49

Node.js v18.19.0

> openacad-backend@1.0.0 start
> node src/index.js

Server is running on port 3000
Nova conexão estabelecida com o banco de dados
Testando conexão com o banco de dados...
Conexão com o banco de dados estabelecida em: 2024-11-20T13:52:16.134Z
Cliente removido do pool

> openacad-backend@1.0.0 start
> node src/index.js

Server is running on port 3000
Nova conexão estabelecida com o banco de dados
Testando conexão com o banco de dados...
Conexão com o banco de dados estabelecida em: 2024-11-20T14:09:40.571Z
GET /api/users
Headers: {
  host: '192.168.15.104:3000',
  connection: 'keep-alive',
  accept: 'application/json, text/plain, */*',
  authorization: 'Bearer eyJhbGciOiJIUzI1NiIsInR5cCI6IkpXVCJ9.eyJ1c2VySWQiOjQsInVzZXJMZXZlbCI6IlByb2Zlc3NvcihhKSIsImlhdCI6MTczMTg0OTE3OSwiZXhwIjoxNzMxOTM1NTc5fQ.5YBkqzvucWbySt7nYdsL0j8tpTVlxjBop2gOATDzLQM',
  'user-agent': 'Mozilla/5.0 (Windows NT 10.0; Win64; x64) AppleWebKit/537.36 (KHTML, like Gecko) Chrome/128.0.0.0 Safari/537.36 OPR/114.0.0.0',
  origin: 'http://192.168.15.104:4200',
  referer: 'http://192.168.15.104:4200/',
  'accept-encoding': 'gzip, deflate',
  'accept-language': 'pt-BR,pt;q=0.9,en-US;q=0.8,en;q=0.7',
  'if-none-match': 'W/"196-bgXm1DceGZHhSsJcYe96WwaotuE"'
}
Token recebido: Presente
Requisição GET /users recebida
Cliente removido do pool
Erro ao buscar usuários: error: permission denied for table user_levels
    at /home/humberto/openacad/openacad-back/node_modules/pg-pool/index.js:45:11
    at process.processTicksAndRejections (node:internal/process/task_queues:95:5)
    at async /home/humberto/openacad/openacad-back/src/routes/users.routes.js:33:20 {
  length: 99,
  severity: 'ERROR',
  code: '42501',
  detail: undefined,
  hint: undefined,
  position: undefined,
  internalPosition: undefined,
  internalQuery: undefined,
  where: undefined,
  schema: undefined,
  table: undefined,
  column: undefined,
  dataType: undefined,
  constraint: undefined,
  file: 'aclchk.c',
  line: '3650',
  routine: 'aclcheck_error'
}
[0mGET /api/users [31m500[0m 17.073 ms - 38[0m
GET /api/users
Headers: {
  host: '192.168.15.104:3000',
  connection: 'keep-alive',
  accept: 'application/json, text/plain, */*',
  authorization: 'Bearer eyJhbGciOiJIUzI1NiIsInR5cCI6IkpXVCJ9.eyJ1c2VySWQiOjQsInVzZXJMZXZlbCI6IlByb2Zlc3NvcihhKSIsImlhdCI6MTczMTg0OTE3OSwiZXhwIjoxNzMxOTM1NTc5fQ.5YBkqzvucWbySt7nYdsL0j8tpTVlxjBop2gOATDzLQM',
  'user-agent': 'Mozilla/5.0 (Windows NT 10.0; Win64; x64) AppleWebKit/537.36 (KHTML, like Gecko) Chrome/128.0.0.0 Safari/537.36 OPR/114.0.0.0',
  origin: 'http://192.168.15.104:4200',
  referer: 'http://192.168.15.104:4200/',
  'accept-encoding': 'gzip, deflate',
  'accept-language': 'pt-BR,pt;q=0.9,en-US;q=0.8,en;q=0.7'
}
Token recebido: Presente
Requisição GET /users recebida
Nova conexão estabelecida com o banco de dados
Cliente removido do pool
Erro ao buscar usuários: error: permission denied for table user_levels
    at /home/humberto/openacad/openacad-back/node_modules/pg-pool/index.js:45:11
    at process.processTicksAndRejections (node:internal/process/task_queues:95:5)
    at async /home/humberto/openacad/openacad-back/src/routes/users.routes.js:33:20 {
  length: 99,
  severity: 'ERROR',
  code: '42501',
  detail: undefined,
  hint: undefined,
  position: undefined,
  internalPosition: undefined,
  internalQuery: undefined,
  where: undefined,
  schema: undefined,
  table: undefined,
  column: undefined,
  dataType: undefined,
  constraint: undefined,
  file: 'aclchk.c',
  line: '3650',
  routine: 'aclcheck_error'
}
[0mGET /api/users [31m500[0m 27.872 ms - 38[0m
GET /api/users
Headers: {
  host: '192.168.15.104:3000',
  connection: 'keep-alive',
  accept: 'application/json, text/plain, */*',
  authorization: 'Bearer eyJhbGciOiJIUzI1NiIsInR5cCI6IkpXVCJ9.eyJ1c2VySWQiOjQsInVzZXJMZXZlbCI6IlByb2Zlc3NvcihhKSIsImlhdCI6MTczMTg0OTE3OSwiZXhwIjoxNzMxOTM1NTc5fQ.5YBkqzvucWbySt7nYdsL0j8tpTVlxjBop2gOATDzLQM',
  'user-agent': 'Mozilla/5.0 (Windows NT 10.0; Win64; x64) AppleWebKit/537.36 (KHTML, like Gecko) Chrome/128.0.0.0 Safari/537.36 OPR/114.0.0.0',
  origin: 'http://192.168.15.104:4200',
  referer: 'http://192.168.15.104:4200/',
  'accept-encoding': 'gzip, deflate',
  'accept-language': 'pt-BR,pt;q=0.9,en-US;q=0.8,en;q=0.7'
}
Token recebido: Presente
Requisição GET /users recebida
Nova conexão estabelecida com o banco de dados
Usuários encontrados: 3
[0mGET /api/users [32m200[0m 28.115 ms - 445[0m
GET /api/user-levels
Headers: {
  host: '192.168.15.104:3000',
  connection: 'keep-alive',
  accept: 'application/json, text/plain, */*',
  'user-agent': 'Mozilla/5.0 (Windows NT 10.0; Win64; x64) AppleWebKit/537.36 (KHTML, like Gecko) Chrome/128.0.0.0 Safari/537.36 OPR/114.0.0.0',
  origin: 'http://192.168.15.104:4200',
  referer: 'http://192.168.15.104:4200/',
  'accept-encoding': 'gzip, deflate',
  'accept-language': 'pt-BR,pt;q=0.9,en-US;q=0.8,en;q=0.7'
}
[0mGET /api/user-levels [32m200[0m 3.143 ms - 264[0m
PUT /api/users/5
Headers: {
  host: '192.168.15.104:3000',
  connection: 'keep-alive',
  'content-length': '119',
  accept: 'application/json, text/plain, */*',
  authorization: 'Bearer eyJhbGciOiJIUzI1NiIsInR5cCI6IkpXVCJ9.eyJ1c2VySWQiOjQsInVzZXJMZXZlbCI6IlByb2Zlc3NvcihhKSIsImlhdCI6MTczMTg0OTE3OSwiZXhwIjoxNzMxOTM1NTc5fQ.5YBkqzvucWbySt7nYdsL0j8tpTVlxjBop2gOATDzLQM',
  'user-agent': 'Mozilla/5.0 (Windows NT 10.0; Win64; x64) AppleWebKit/537.36 (KHTML, like Gecko) Chrome/128.0.0.0 Safari/537.36 OPR/114.0.0.0',
  'content-type': 'application/json',
  origin: 'http://192.168.15.104:4200',
  referer: 'http://192.168.15.104:4200/',
  'accept-encoding': 'gzip, deflate',
  'accept-language': 'pt-BR,pt;q=0.9,en-US;q=0.8,en;q=0.7'
}
Token recebido: Presente
Erro ao atualizar usuário: error: column "user_level" does not exist
    at /home/humberto/openacad/openacad-back/node_modules/pg/lib/client.js:535:17
    at process.processTicksAndRejections (node:internal/process/task_queues:95:5)
    at async /home/humberto/openacad/openacad-back/src/routes/users.routes.js:193:22 {
  length: 111,
  severity: 'ERROR',
  code: '42703',
  detail: undefined,
  hint: undefined,
  position: '217',
  internalPosition: undefined,
  internalQuery: undefined,
  where: undefined,
  schema: undefined,
  table: undefined,
  column: undefined,
  dataType: undefined,
  constraint: undefined,
  file: 'parse_relation.c',
  line: '3665',
  routine: 'errorMissingColumn'
}
[0mPUT /api/users/5 [31m500[0m 21.912 ms - 40[0m
Cliente removido do pool

> openacad-backend@1.0.0 start
> node src/index.js

Server is running on port 3000
Nova conexão estabelecida com o banco de dados
Testando conexão com o banco de dados...
Conexão com o banco de dados estabelecida em: 2024-11-20T14:16:01.298Z
GET /api/user-levels
Headers: {
  host: '192.168.15.104:3000',
  connection: 'keep-alive',
  accept: 'application/json, text/plain, */*',
  'user-agent': 'Mozilla/5.0 (Windows NT 10.0; Win64; x64) AppleWebKit/537.36 (KHTML, like Gecko) Chrome/128.0.0.0 Safari/537.36 OPR/114.0.0.0',
  origin: 'http://192.168.15.104:4200',
  referer: 'http://192.168.15.104:4200/',
  'accept-encoding': 'gzip, deflate',
  'accept-language': 'pt-BR,pt;q=0.9,en-US;q=0.8,en;q=0.7',
  'if-none-match': 'W/"108-ttmrCjtCPfh1bZa5J0vkqx18rQs"'
}
[0mGET /api/user-levels [36m304[0m 6.140 ms - -[0m
PUT /api/users/5
Headers: {
  host: '192.168.15.104:3000',
  connection: 'keep-alive',
  'content-length': '119',
  accept: 'application/json, text/plain, */*',
  authorization: 'Bearer eyJhbGciOiJIUzI1NiIsInR5cCI6IkpXVCJ9.eyJ1c2VySWQiOjQsInVzZXJMZXZlbCI6IlByb2Zlc3NvcihhKSIsImlhdCI6MTczMTg0OTE3OSwiZXhwIjoxNzMxOTM1NTc5fQ.5YBkqzvucWbySt7nYdsL0j8tpTVlxjBop2gOATDzLQM',
  'user-agent': 'Mozilla/5.0 (Windows NT 10.0; Win64; x64) AppleWebKit/537.36 (KHTML, like Gecko) Chrome/128.0.0.0 Safari/537.36 OPR/114.0.0.0',
  'content-type': 'application/json',
  origin: 'http://192.168.15.104:4200',
  referer: 'http://192.168.15.104:4200/',
  'accept-encoding': 'gzip, deflate',
  'accept-language': 'pt-BR,pt;q=0.9,en-US;q=0.8,en;q=0.7'
}
Token recebido: Presente
[0mPUT /api/users/5 [32m200[0m 22.047 ms - 126[0m
GET /api/users
Headers: {
  host: '192.168.15.104:3000',
  connection: 'keep-alive',
  accept: 'application/json, text/plain, */*',
  authorization: 'Bearer eyJhbGciOiJIUzI1NiIsInR5cCI6IkpXVCJ9.eyJ1c2VySWQiOjQsInVzZXJMZXZlbCI6IlByb2Zlc3NvcihhKSIsImlhdCI6MTczMTg0OTE3OSwiZXhwIjoxNzMxOTM1NTc5fQ.5YBkqzvucWbySt7nYdsL0j8tpTVlxjBop2gOATDzLQM',
  'user-agent': 'Mozilla/5.0 (Windows NT 10.0; Win64; x64) AppleWebKit/537.36 (KHTML, like Gecko) Chrome/128.0.0.0 Safari/537.36 OPR/114.0.0.0',
  origin: 'http://192.168.15.104:4200',
  referer: 'http://192.168.15.104:4200/',
  'accept-encoding': 'gzip, deflate',
  'accept-language': 'pt-BR,pt;q=0.9,en-US;q=0.8,en;q=0.7',
  'if-none-match': 'W/"1bd-UxvIX9HXZYUkur/yutHhE+VOPRw"'
}
Token recebido: Presente
Requisição GET /users recebida
Usuários encontrados: 3
[0mGET /api/users [32m200[0m 4.761 ms - 447[0m
Cliente removido do pool

> openacad-backend@1.0.0 start
> node src/index.js

Server is running on port 3000
Nova conexão estabelecida com o banco de dados
Testando conexão com o banco de dados...
Conexão com o banco de dados estabelecida em: 2024-11-20T14:36:16.105Z
GET /api/users
Headers: {
  host: '192.168.15.104:3000',
  connection: 'keep-alive',
  accept: 'application/json, text/plain, */*',
  authorization: 'Bearer eyJhbGciOiJIUzI1NiIsInR5cCI6IkpXVCJ9.eyJ1c2VySWQiOjQsInVzZXJMZXZlbCI6IlByb2Zlc3NvcihhKSIsImlhdCI6MTczMTg0OTE3OSwiZXhwIjoxNzMxOTM1NTc5fQ.5YBkqzvucWbySt7nYdsL0j8tpTVlxjBop2gOATDzLQM',
  'user-agent': 'Mozilla/5.0 (Windows NT 10.0; Win64; x64) AppleWebKit/537.36 (KHTML, like Gecko) Chrome/128.0.0.0 Safari/537.36 OPR/114.0.0.0',
  origin: 'http://192.168.15.104:4200',
  referer: 'http://192.168.15.104:4200/',
  'accept-encoding': 'gzip, deflate',
  'accept-language': 'pt-BR,pt;q=0.9,en-US;q=0.8,en;q=0.7',
  'if-none-match': 'W/"1bf-KS7PceThpN6wIxGv2xHYmzszjsI"'
}
Token recebido: Presente
Requisição GET /users recebida
Usuários encontrados: 3
[0mGET /api/users [36m304[0m 9.066 ms - -[0m
GET /api/classes
Headers: {
  host: '192.168.15.104:3000',
  connection: 'keep-alive',
  accept: 'application/json, text/plain, */*',
  authorization: 'Bearer eyJhbGciOiJIUzI1NiIsInR5cCI6IkpXVCJ9.eyJ1c2VySWQiOjQsInVzZXJMZXZlbCI6IlByb2Zlc3NvcihhKSIsImlhdCI6MTczMTg0OTE3OSwiZXhwIjoxNzMxOTM1NTc5fQ.5YBkqzvucWbySt7nYdsL0j8tpTVlxjBop2gOATDzLQM',
  'user-agent': 'Mozilla/5.0 (Windows NT 10.0; Win64; x64) AppleWebKit/537.36 (KHTML, like Gecko) Chrome/128.0.0.0 Safari/537.36 OPR/114.0.0.0',
  origin: 'http://192.168.15.104:4200',
  referer: 'http://192.168.15.104:4200/',
  'accept-encoding': 'gzip, deflate',
  'accept-language': 'pt-BR,pt;q=0.9,en-US;q=0.8,en;q=0.7'
}
[0mGET /api/classes [33m404[0m 3.669 ms - 150[0m
GET /api/classes
Headers: {
  host: '192.168.15.104:3000',
  connection: 'keep-alive',
  accept: 'application/json, text/plain, */*',
  authorization: 'Bearer eyJhbGciOiJIUzI1NiIsInR5cCI6IkpXVCJ9.eyJ1c2VySWQiOjQsInVzZXJMZXZlbCI6IlByb2Zlc3NvcihhKSIsImlhdCI6MTczMTg0OTE3OSwiZXhwIjoxNzMxOTM1NTc5fQ.5YBkqzvucWbySt7nYdsL0j8tpTVlxjBop2gOATDzLQM',
  'user-agent': 'Mozilla/5.0 (Windows NT 10.0; Win64; x64) AppleWebKit/537.36 (KHTML, like Gecko) Chrome/128.0.0.0 Safari/537.36 OPR/114.0.0.0',
  origin: 'http://192.168.15.104:4200',
  referer: 'http://192.168.15.104:4200/',
  'accept-encoding': 'gzip, deflate',
  'accept-language': 'pt-BR,pt;q=0.9,en-US;q=0.8,en;q=0.7'
}
[0mGET /api/classes [33m404[0m 1.953 ms - 150[0m
Cliente removido do pool

> openacad-backend@1.0.0 start
> node src/index.js

Server is running on port 3000
Nova conexão estabelecida com o banco de dados
Testando conexão com o banco de dados...
Conexão com o banco de dados estabelecida em: 2024-11-20T14:41:25.708Z
GET /api/classes
Headers: {
  host: '192.168.15.104:3000',
  connection: 'keep-alive',
  accept: 'application/json, text/plain, */*',
  authorization: 'Bearer eyJhbGciOiJIUzI1NiIsInR5cCI6IkpXVCJ9.eyJ1c2VySWQiOjQsInVzZXJMZXZlbCI6IlByb2Zlc3NvcihhKSIsImlhdCI6MTczMTg0OTE3OSwiZXhwIjoxNzMxOTM1NTc5fQ.5YBkqzvucWbySt7nYdsL0j8tpTVlxjBop2gOATDzLQM',
  'user-agent': 'Mozilla/5.0 (Windows NT 10.0; Win64; x64) AppleWebKit/537.36 (KHTML, like Gecko) Chrome/128.0.0.0 Safari/537.36 OPR/114.0.0.0',
  origin: 'http://192.168.15.104:4200',
  referer: 'http://192.168.15.104:4200/',
  'accept-encoding': 'gzip, deflate',
  'accept-language': 'pt-BR,pt;q=0.9,en-US;q=0.8,en;q=0.7'
}
Cliente removido do pool
Erro ao buscar turmas: error: column c.year_id does not exist
    at /home/humberto/openacad/openacad-back/node_modules/pg-pool/index.js:45:11
    at process.processTicksAndRejections (node:internal/process/task_queues:95:5)
    at async /home/humberto/openacad/openacad-back/src/routes/classes.routes.js:8:20 {
  length: 108,
  severity: 'ERROR',
  code: '42703',
  detail: undefined,
  hint: undefined,
  position: '204',
  internalPosition: undefined,
  internalQuery: undefined,
  where: undefined,
  schema: undefined,
  table: undefined,
  column: undefined,
  dataType: undefined,
  constraint: undefined,
  file: 'parse_relation.c',
  line: '3665',
  routine: 'errorMissingColumn'
}
[0mGET /api/classes [31m500[0m 14.113 ms - 35[0m
GET /api/classes
Headers: {
  host: '192.168.15.104:3000',
  connection: 'keep-alive',
  accept: 'application/json, text/plain, */*',
  authorization: 'Bearer eyJhbGciOiJIUzI1NiIsInR5cCI6IkpXVCJ9.eyJ1c2VySWQiOjQsInVzZXJMZXZlbCI6IlByb2Zlc3NvcihhKSIsImlhdCI6MTczMTg0OTE3OSwiZXhwIjoxNzMxOTM1NTc5fQ.5YBkqzvucWbySt7nYdsL0j8tpTVlxjBop2gOATDzLQM',
  'user-agent': 'Mozilla/5.0 (Windows NT 10.0; Win64; x64) AppleWebKit/537.36 (KHTML, like Gecko) Chrome/128.0.0.0 Safari/537.36 OPR/114.0.0.0',
  origin: 'http://192.168.15.104:4200',
  referer: 'http://192.168.15.104:4200/',
  'accept-encoding': 'gzip, deflate',
  'accept-language': 'pt-BR,pt;q=0.9,en-US;q=0.8,en;q=0.7'
}
Nova conexão estabelecida com o banco de dados
Cliente removido do pool
Erro ao buscar turmas: error: column c.division_id does not exist
    at /home/humberto/openacad/openacad-back/node_modules/pg-pool/index.js:45:11
    at process.processTicksAndRejections (node:internal/process/task_queues:95:5)
    at async /home/humberto/openacad/openacad-back/src/routes/classes.routes.js:8:20 {
  length: 112,
  severity: 'ERROR',
  code: '42703',
  detail: undefined,
  hint: undefined,
  position: '255',
  internalPosition: undefined,
  internalQuery: undefined,
  where: undefined,
  schema: undefined,
  table: undefined,
  column: undefined,
  dataType: undefined,
  constraint: undefined,
  file: 'parse_relation.c',
  line: '3665',
  routine: 'errorMissingColumn'
}
[0mGET /api/classes [31m500[0m 21.378 ms - 35[0m
GET /api/classes
Headers: {
  host: '192.168.15.104:3000',
  connection: 'keep-alive',
  accept: 'application/json, text/plain, */*',
  authorization: 'Bearer eyJhbGciOiJIUzI1NiIsInR5cCI6IkpXVCJ9.eyJ1c2VySWQiOjQsInVzZXJMZXZlbCI6IlByb2Zlc3NvcihhKSIsImlhdCI6MTczMTg0OTE3OSwiZXhwIjoxNzMxOTM1NTc5fQ.5YBkqzvucWbySt7nYdsL0j8tpTVlxjBop2gOATDzLQM',
  'user-agent': 'Mozilla/5.0 (Windows NT 10.0; Win64; x64) AppleWebKit/537.36 (KHTML, like Gecko) Chrome/128.0.0.0 Safari/537.36 OPR/114.0.0.0',
  origin: 'http://192.168.15.104:4200',
  referer: 'http://192.168.15.104:4200/',
  'accept-encoding': 'gzip, deflate',
  'accept-language': 'pt-BR,pt;q=0.9,en-US;q=0.8,en;q=0.7'
}
Nova conexão estabelecida com o banco de dados
Cliente removido do pool
Erro ao buscar turmas: error: column c.active does not exist
    at /home/humberto/openacad/openacad-back/node_modules/pg-pool/index.js:45:11
    at process.processTicksAndRejections (node:internal/process/task_queues:95:5)
    at async /home/humberto/openacad/openacad-back/src/routes/classes.routes.js:8:20 {
  length: 106,
  severity: 'ERROR',
  code: '42703',
  detail: undefined,
  hint: undefined,
  position: '80',
  internalPosition: undefined,
  internalQuery: undefined,
  where: undefined,
  schema: undefined,
  table: undefined,
  column: undefined,
  dataType: undefined,
  constraint: undefined,
  file: 'parse_relation.c',
  line: '3665',
  routine: 'errorMissingColumn'
}
[0mGET /api/classes [31m500[0m 18.650 ms - 35[0m
GET /api/classes
Headers: {
  host: '192.168.15.104:3000',
  connection: 'keep-alive',
  accept: 'application/json, text/plain, */*',
  authorization: 'Bearer eyJhbGciOiJIUzI1NiIsInR5cCI6IkpXVCJ9.eyJ1c2VySWQiOjQsInVzZXJMZXZlbCI6IlByb2Zlc3NvcihhKSIsImlhdCI6MTczMTg0OTE3OSwiZXhwIjoxNzMxOTM1NTc5fQ.5YBkqzvucWbySt7nYdsL0j8tpTVlxjBop2gOATDzLQM',
  'user-agent': 'Mozilla/5.0 (Windows NT 10.0; Win64; x64) AppleWebKit/537.36 (KHTML, like Gecko) Chrome/128.0.0.0 Safari/537.36 OPR/114.0.0.0',
  origin: 'http://192.168.15.104:4200',
  referer: 'http://192.168.15.104:4200/',
  'accept-encoding': 'gzip, deflate',
  'accept-language': 'pt-BR,pt;q=0.9,en-US;q=0.8,en;q=0.7'
}
Nova conexão estabelecida com o banco de dados
[0mGET /api/classes [32m200[0m 13.922 ms - 2[0m
GET /api/classes/divisions
Headers: {
  host: '192.168.15.104:3000',
  connection: 'keep-alive',
  accept: 'application/json, text/plain, */*',
  authorization: 'Bearer eyJhbGciOiJIUzI1NiIsInR5cCI6IkpXVCJ9.eyJ1c2VySWQiOjQsInVzZXJMZXZlbCI6IlByb2Zlc3NvcihhKSIsImlhdCI6MTczMTg0OTE3OSwiZXhwIjoxNzMxOTM1NTc5fQ.5YBkqzvucWbySt7nYdsL0j8tpTVlxjBop2gOATDzLQM',
  'user-agent': 'Mozilla/5.0 (Windows NT 10.0; Win64; x64) AppleWebKit/537.36 (KHTML, like Gecko) Chrome/128.0.0.0 Safari/537.36 OPR/114.0.0.0',
  origin: 'http://192.168.15.104:4200',
  referer: 'http://192.168.15.104:4200/',
  'accept-encoding': 'gzip, deflate',
  'accept-language': 'pt-BR,pt;q=0.9,en-US;q=0.8,en;q=0.7'
}
GET /api/classes/years
Headers: {
  host: '192.168.15.104:3000',
  connection: 'keep-alive',
  accept: 'application/json, text/plain, */*',
  authorization: 'Bearer eyJhbGciOiJIUzI1NiIsInR5cCI6IkpXVCJ9.eyJ1c2VySWQiOjQsInVzZXJMZXZlbCI6IlByb2Zlc3NvcihhKSIsImlhdCI6MTczMTg0OTE3OSwiZXhwIjoxNzMxOTM1NTc5fQ.5YBkqzvucWbySt7nYdsL0j8tpTVlxjBop2gOATDzLQM',
  'user-agent': 'Mozilla/5.0 (Windows NT 10.0; Win64; x64) AppleWebKit/537.36 (KHTML, like Gecko) Chrome/128.0.0.0 Safari/537.36 OPR/114.0.0.0',
  origin: 'http://192.168.15.104:4200',
  referer: 'http://192.168.15.104:4200/',
  'accept-encoding': 'gzip, deflate',
  'accept-language': 'pt-BR,pt;q=0.9,en-US;q=0.8,en;q=0.7'
}
[0mGET /api/classes/divisions [32m200[0m 8.855 ms - 301[0m
Nova conexão estabelecida com o banco de dados
[0mGET /api/classes/years [32m200[0m 19.453 ms - 595[0m
POST /api/classes
Headers: {
  host: '192.168.15.104:3000',
  connection: 'keep-alive',
  'content-length': '43',
  accept: 'application/json, text/plain, */*',
  authorization: 'Bearer eyJhbGciOiJIUzI1NiIsInR5cCI6IkpXVCJ9.eyJ1c2VySWQiOjQsInVzZXJMZXZlbCI6IlByb2Zlc3NvcihhKSIsImlhdCI6MTczMTg0OTE3OSwiZXhwIjoxNzMxOTM1NTc5fQ.5YBkqzvucWbySt7nYdsL0j8tpTVlxjBop2gOATDzLQM',
  'user-agent': 'Mozilla/5.0 (Windows NT 10.0; Win64; x64) AppleWebKit/537.36 (KHTML, like Gecko) Chrome/128.0.0.0 Safari/537.36 OPR/114.0.0.0',
  'content-type': 'application/json',
  origin: 'http://192.168.15.104:4200',
  referer: 'http://192.168.15.104:4200/',
  'accept-encoding': 'gzip, deflate',
  'accept-language': 'pt-BR,pt;q=0.9,en-US;q=0.8,en;q=0.7'
}
Body: { year_id: 1, division_id: 1, active: true }
Cliente removido do pool
Erro ao criar turma: error: null value in column "name" of relation "classes" violates not-null constraint
    at /home/humberto/openacad/openacad-back/node_modules/pg-pool/index.js:45:11
    at process.processTicksAndRejections (node:internal/process/task_queues:95:5)
    at async /home/humberto/openacad/openacad-back/src/routes/classes.routes.js:65:20 {
  length: 240,
  severity: 'ERROR',
  code: '23502',
  detail: 'Failing row contains (1, null, null, 2024-11-20 11:46:10.078825, 1, 1, t).',
  hint: undefined,
  position: undefined,
  internalPosition: undefined,
  internalQuery: undefined,
  where: undefined,
  schema: 'public',
  table: 'classes',
  column: 'name',
  dataType: undefined,
  constraint: undefined,
  file: 'execMain.c',
  line: '1968',
  routine: 'ExecConstraints'
}
[0mPOST /api/classes [31m500[0m 26.862 ms - 33[0m
Cliente removido do pool
GET /api/classes
Headers: {
  host: '192.168.15.104:3000',
  connection: 'keep-alive',
  accept: 'application/json, text/plain, */*',
  authorization: 'Bearer eyJhbGciOiJIUzI1NiIsInR5cCI6IkpXVCJ9.eyJ1c2VySWQiOjQsInVzZXJMZXZlbCI6IlByb2Zlc3NvcihhKSIsImlhdCI6MTczMTg0OTE3OSwiZXhwIjoxNzMxOTM1NTc5fQ.5YBkqzvucWbySt7nYdsL0j8tpTVlxjBop2gOATDzLQM',
  'user-agent': 'Mozilla/5.0 (Windows NT 10.0; Win64; x64) AppleWebKit/537.36 (KHTML, like Gecko) Chrome/128.0.0.0 Safari/537.36 OPR/114.0.0.0',
  origin: 'http://192.168.15.104:4200',
  referer: 'http://192.168.15.104:4200/',
  'accept-encoding': 'gzip, deflate',
  'accept-language': 'pt-BR,pt;q=0.9,en-US;q=0.8,en;q=0.7',
  'if-none-match': 'W/"2-l9Fw4VUO7kr8CvBlt4zaMCqXZ0w"'
}
Nova conexão estabelecida com o banco de dados
[0mGET /api/classes [36m304[0m 16.208 ms - -[0m
GET /api/classes/years
Headers: {
  host: '192.168.15.104:3000',
  connection: 'keep-alive',
  accept: 'application/json, text/plain, */*',
  authorization: 'Bearer eyJhbGciOiJIUzI1NiIsInR5cCI6IkpXVCJ9.eyJ1c2VySWQiOjQsInVzZXJMZXZlbCI6IlByb2Zlc3NvcihhKSIsImlhdCI6MTczMTg0OTE3OSwiZXhwIjoxNzMxOTM1NTc5fQ.5YBkqzvucWbySt7nYdsL0j8tpTVlxjBop2gOATDzLQM',
  'user-agent': 'Mozilla/5.0 (Windows NT 10.0; Win64; x64) AppleWebKit/537.36 (KHTML, like Gecko) Chrome/128.0.0.0 Safari/537.36 OPR/114.0.0.0',
  origin: 'http://192.168.15.104:4200',
  referer: 'http://192.168.15.104:4200/',
  'accept-encoding': 'gzip, deflate',
  'accept-language': 'pt-BR,pt;q=0.9,en-US;q=0.8,en;q=0.7',
  'if-none-match': 'W/"253-DZEZSDa3Mcd5oQJ928DjIr7N5iE"'
}
GET /api/classes/divisions
Headers: {
  host: '192.168.15.104:3000',
  connection: 'keep-alive',
  accept: 'application/json, text/plain, */*',
  authorization: 'Bearer eyJhbGciOiJIUzI1NiIsInR5cCI6IkpXVCJ9.eyJ1c2VySWQiOjQsInVzZXJMZXZlbCI6IlByb2Zlc3NvcihhKSIsImlhdCI6MTczMTg0OTE3OSwiZXhwIjoxNzMxOTM1NTc5fQ.5YBkqzvucWbySt7nYdsL0j8tpTVlxjBop2gOATDzLQM',
  'user-agent': 'Mozilla/5.0 (Windows NT 10.0; Win64; x64) AppleWebKit/537.36 (KHTML, like Gecko) Chrome/128.0.0.0 Safari/537.36 OPR/114.0.0.0',
  origin: 'http://192.168.15.104:4200',
  referer: 'http://192.168.15.104:4200/',
  'accept-encoding': 'gzip, deflate',
  'accept-language': 'pt-BR,pt;q=0.9,en-US;q=0.8,en;q=0.7',
  'if-none-match': 'W/"12d-fxobtDbhMDWbbbv6QahW5+JV9WM"'
}
[0mGET /api/classes/years [32m200[0m 4.567 ms - 595[0m
Nova conexão estabelecida com o banco de dados
[0mGET /api/classes/divisions [32m200[0m 15.699 ms - 301[0m
POST /api/classes
Headers: {
  host: '192.168.15.104:3000',
  connection: 'keep-alive',
  'content-length': '43',
  accept: 'application/json, text/plain, */*',
  authorization: 'Bearer eyJhbGciOiJIUzI1NiIsInR5cCI6IkpXVCJ9.eyJ1c2VySWQiOjQsInVzZXJMZXZlbCI6IlByb2Zlc3NvcihhKSIsImlhdCI6MTczMTg0OTE3OSwiZXhwIjoxNzMxOTM1NTc5fQ.5YBkqzvucWbySt7nYdsL0j8tpTVlxjBop2gOATDzLQM',
  'user-agent': 'Mozilla/5.0 (Windows NT 10.0; Win64; x64) AppleWebKit/537.36 (KHTML, like Gecko) Chrome/128.0.0.0 Safari/537.36 OPR/114.0.0.0',
  'content-type': 'application/json',
  origin: 'http://192.168.15.104:4200',
  referer: 'http://192.168.15.104:4200/',
  'accept-encoding': 'gzip, deflate',
  'accept-language': 'pt-BR,pt;q=0.9,en-US;q=0.8,en;q=0.7'
}
Body: { year_id: 1, division_id: 1, active: true }
[0mPOST /api/classes [32m201[0m 8.381 ms - 90[0m
GET /api/classes
Headers: {
  host: '192.168.15.104:3000',
  connection: 'keep-alive',
  accept: 'application/json, text/plain, */*',
  authorization: 'Bearer eyJhbGciOiJIUzI1NiIsInR5cCI6IkpXVCJ9.eyJ1c2VySWQiOjQsInVzZXJMZXZlbCI6IlByb2Zlc3NvcihhKSIsImlhdCI6MTczMTg0OTE3OSwiZXhwIjoxNzMxOTM1NTc5fQ.5YBkqzvucWbySt7nYdsL0j8tpTVlxjBop2gOATDzLQM',
  'user-agent': 'Mozilla/5.0 (Windows NT 10.0; Win64; x64) AppleWebKit/537.36 (KHTML, like Gecko) Chrome/128.0.0.0 Safari/537.36 OPR/114.0.0.0',
  origin: 'http://192.168.15.104:4200',
  referer: 'http://192.168.15.104:4200/',
  'accept-encoding': 'gzip, deflate',
  'accept-language': 'pt-BR,pt;q=0.9,en-US;q=0.8,en;q=0.7'
}
[0mGET /api/classes [32m200[0m 3.977 ms - 94[0m
GET /api/classes/years
Headers: {
  host: '192.168.15.104:3000',
  connection: 'keep-alive',
  accept: 'application/json, text/plain, */*',
  authorization: 'Bearer eyJhbGciOiJIUzI1NiIsInR5cCI6IkpXVCJ9.eyJ1c2VySWQiOjQsInVzZXJMZXZlbCI6IlByb2Zlc3NvcihhKSIsImlhdCI6MTczMTg0OTE3OSwiZXhwIjoxNzMxOTM1NTc5fQ.5YBkqzvucWbySt7nYdsL0j8tpTVlxjBop2gOATDzLQM',
  'user-agent': 'Mozilla/5.0 (Windows NT 10.0; Win64; x64) AppleWebKit/537.36 (KHTML, like Gecko) Chrome/128.0.0.0 Safari/537.36 OPR/114.0.0.0',
  origin: 'http://192.168.15.104:4200',
  referer: 'http://192.168.15.104:4200/',
  'accept-encoding': 'gzip, deflate',
  'accept-language': 'pt-BR,pt;q=0.9,en-US;q=0.8,en;q=0.7',
  'if-none-match': 'W/"253-KlJfl/kBmKpsS6FWymC07vpmnxw"'
}
GET /api/classes/divisions
Headers: {
  host: '192.168.15.104:3000',
  connection: 'keep-alive',
  accept: 'application/json, text/plain, */*',
  authorization: 'Bearer eyJhbGciOiJIUzI1NiIsInR5cCI6IkpXVCJ9.eyJ1c2VySWQiOjQsInVzZXJMZXZlbCI6IlByb2Zlc3NvcihhKSIsImlhdCI6MTczMTg0OTE3OSwiZXhwIjoxNzMxOTM1NTc5fQ.5YBkqzvucWbySt7nYdsL0j8tpTVlxjBop2gOATDzLQM',
  'user-agent': 'Mozilla/5.0 (Windows NT 10.0; Win64; x64) AppleWebKit/537.36 (KHTML, like Gecko) Chrome/128.0.0.0 Safari/537.36 OPR/114.0.0.0',
  origin: 'http://192.168.15.104:4200',
  referer: 'http://192.168.15.104:4200/',
  'accept-encoding': 'gzip, deflate',
  'accept-language': 'pt-BR,pt;q=0.9,en-US;q=0.8,en;q=0.7',
  'if-none-match': 'W/"12d-nz07bGr992t0F0rdID7w3xRJUnQ"'
}
[0mGET /api/classes/years [36m304[0m 4.107 ms - -[0m
[0mGET /api/classes/divisions [36m304[0m 2.747 ms - -[0m
POST /api/classes
Headers: {
  host: '192.168.15.104:3000',
  connection: 'keep-alive',
  'content-length': '43',
  accept: 'application/json, text/plain, */*',
  authorization: 'Bearer eyJhbGciOiJIUzI1NiIsInR5cCI6IkpXVCJ9.eyJ1c2VySWQiOjQsInVzZXJMZXZlbCI6IlByb2Zlc3NvcihhKSIsImlhdCI6MTczMTg0OTE3OSwiZXhwIjoxNzMxOTM1NTc5fQ.5YBkqzvucWbySt7nYdsL0j8tpTVlxjBop2gOATDzLQM',
  'user-agent': 'Mozilla/5.0 (Windows NT 10.0; Win64; x64) AppleWebKit/537.36 (KHTML, like Gecko) Chrome/128.0.0.0 Safari/537.36 OPR/114.0.0.0',
  'content-type': 'application/json',
  origin: 'http://192.168.15.104:4200',
  referer: 'http://192.168.15.104:4200/',
  'accept-encoding': 'gzip, deflate',
  'accept-language': 'pt-BR,pt;q=0.9,en-US;q=0.8,en;q=0.7'
}
Body: { year_id: 1, division_id: 2, active: true }
[0mPOST /api/classes [32m201[0m 7.837 ms - 90[0m
GET /api/classes
Headers: {
  host: '192.168.15.104:3000',
  connection: 'keep-alive',
  accept: 'application/json, text/plain, */*',
  authorization: 'Bearer eyJhbGciOiJIUzI1NiIsInR5cCI6IkpXVCJ9.eyJ1c2VySWQiOjQsInVzZXJMZXZlbCI6IlByb2Zlc3NvcihhKSIsImlhdCI6MTczMTg0OTE3OSwiZXhwIjoxNzMxOTM1NTc5fQ.5YBkqzvucWbySt7nYdsL0j8tpTVlxjBop2gOATDzLQM',
  'user-agent': 'Mozilla/5.0 (Windows NT 10.0; Win64; x64) AppleWebKit/537.36 (KHTML, like Gecko) Chrome/128.0.0.0 Safari/537.36 OPR/114.0.0.0',
  origin: 'http://192.168.15.104:4200',
  referer: 'http://192.168.15.104:4200/',
  'accept-encoding': 'gzip, deflate',
  'accept-language': 'pt-BR,pt;q=0.9,en-US;q=0.8,en;q=0.7'
}
[0mGET /api/classes [32m200[0m 3.102 ms - 187[0m
