
Warning: This is a simple server for use in testing or debugging Angular applications
locally. It hasn't been reviewed for security issues.

Binding this server to an open connection can result in compromising your application or
computer. Using a different host than the one passed to the "--host" flag might result in
websocket connection issues. You might need to use "--disable-host-check" if that's the
case.
    
❯ Building...
✔ Building...
Application bundle generation failed. [8.057 seconds]

[31m✘ [41;31m[[41;97mERROR[41;31m][0m [1mTS2440: Import declaration conflicts with local declaration of 'Teacher'.[0m [1m[35m[plugin angular-compiler][0m

    src/app/core/services/teacher.service.ts:4:9:
[37m      4 │ import { [32mTeacher[37m } from '../models/teacher.interface';
        ╵          [32m~~~~~~~[0m


[31m✘ [41;31m[[41;97mERROR[41;31m][0m [1mNG8002: Can't bind to 'formGroup' since it isn't a known property of 'form'.[0m [1m[35m[plugin angular-compiler][0m

    src/app/features/teacher-allocation/teacher-allocation-form/teacher-allocation-form.component.html:8:8:
[37m      8 │   <form [32m[formGroup]="allocationForm"[37m (ngSubmit)="onSubmit()">
        ╵         [32m~~~~~~~~~~~~~~~~~~~~~~~~~~~~[0m

  Error occurs in the template of component TeacherAllocationFormComponent.

    src/app/features/teacher-allocation/teacher-allocation-form/teacher-allocation-form.component.ts:12:15:
[37m      12 │   templateUrl: [32m'./teacher-allocation-form.component.html'[37m,
         ╵                [32m~~~~~~~~~~~~~~~~~~~~~~~~~~~~~~~~~~~~~~~~~~[0m


[31m✘ [41;31m[[41;97mERROR[41;31m][0m [1mNG8002: Can't bind to 'formGroupName' since it isn't a known property of 'div'.[0m [1m[35m[plugin angular-compiler][0m

    src/app/features/teacher-allocation/teacher-allocation-form/teacher-allocation-form.component.html:42:68:
[37m      42 │ ...dules.controls; let i=index" [32m[formGroupName]="i"[37m class="row mb-3">
         ╵                                 [32m~~~~~~~~~~~~~~~~~~~[0m

  Error occurs in the template of component TeacherAllocationFormComponent.

    src/app/features/teacher-allocation/teacher-allocation-form/teacher-allocation-form.component.ts:12:15:
[37m      12 │   templateUrl: [32m'./teacher-allocation-form.component.html'[37m,
         ╵                [32m~~~~~~~~~~~~~~~~~~~~~~~~~~~~~~~~~~~~~~~~~~[0m


[31m✘ [41;31m[[41;97mERROR[41;31m][0m [1mTS-992008: Could not find stylesheet file './teacher-allocation-form.component.scss'.[0m [1m[35m[plugin angular-compiler][0m

    src/app/features/teacher-allocation/teacher-allocation-form/teacher-allocation-form.component.ts:13:14:
[37m      13 │   styleUrls: [[32m'./teacher-allocation-form.component.scss'[37m]
         ╵               [32m~~~~~~~~~~~~~~~~~~~~~~~~~~~~~~~~~~~~~~~~~~[0m


[31m✘ [41;31m[[41;97mERROR[41;31m][0m [1mNG8002: Can't bind to 'ngModel' since it isn't a known property of 'select'.[0m [1m[35m[plugin angular-compiler][0m

    src/app/features/teacher-allocation/teacher-allocation-list/teacher-allocation-list.component.html:5:34:
[37m      5 │ ...lass="form-select" [32m[(ngModel)]="selectedYear"[37m (change)="onYearCh...
        ╵                       [32m~~~~~~~~~~~~~~~~~~~~~~~~~~[0m

  Error occurs in the template of component TeacherAllocationListComponent.

    src/app/features/teacher-allocation/teacher-allocation-list/teacher-allocation-list.component.ts:9:15:
[37m      9 │   templateUrl: [32m'./teacher-allocation-list.component.html'[37m,
        ╵                [32m~~~~~~~~~~~~~~~~~~~~~~~~~~~~~~~~~~~~~~~~~~[0m


[31m✘ [41;31m[[41;97mERROR[41;31m][0m [1mTS-992008: Could not find stylesheet file './teacher-allocation-list.component.scss'.[0m [1m[35m[plugin angular-compiler][0m

    src/app/features/teacher-allocation/teacher-allocation-list/teacher-allocation-list.component.ts:10:14:
[37m      10 │   styleUrls: [[32m'./teacher-allocation-list.component.scss'[37m]
         ╵               [32m~~~~~~~~~~~~~~~~~~~~~~~~~~~~~~~~~~~~~~~~~~[0m


[31m✘ [41;31m[[41;97mERROR[41;31m][0m [1mTS2322: Type 'TeacherAllocation[]' is not assignable to type 'TeacherSubject[]'.
  Type 'TeacherAllocation' is missing the following properties from type 'TeacherSubject': teacher_id, subject_id, active[0m [1m[35m[plugin angular-compiler][0m

    src/app/features/teacher-allocation/teacher-allocation-list/teacher-allocation-list.component.ts:32:10:
[37m      32 │           [32mthis.allocations[37m = data;
         ╵           [32m~~~~~~~~~~~~~~~~[0m


Watch mode enabled. Watching for file changes...
❯ Changes detected. Rebuilding...
✔ Changes detected. Rebuilding...
Application bundle generation failed. [3.215 seconds]

[31m✘ [41;31m[[41;97mERROR[41;31m][0m [1mNG8002: Can't bind to 'formGroup' since it isn't a known property of 'form'.[0m [1m[35m[plugin angular-compiler][0m

    src/app/features/teacher-allocation/teacher-allocation-form/teacher-allocation-form.component.html:8:8:
[37m      8 │   <form [32m[formGroup]="allocationForm"[37m (ngSubmit)="onSubmit()">
        ╵         [32m~~~~~~~~~~~~~~~~~~~~~~~~~~~~[0m

  Error occurs in the template of component TeacherAllocationFormComponent.

    src/app/features/teacher-allocation/teacher-allocation-form/teacher-allocation-form.component.ts:12:15:
[37m      12 │   templateUrl: [32m'./teacher-allocation-form.component.html'[37m,
         ╵                [32m~~~~~~~~~~~~~~~~~~~~~~~~~~~~~~~~~~~~~~~~~~[0m


[31m✘ [41;31m[[41;97mERROR[41;31m][0m [1mNG8002: Can't bind to 'formGroupName' since it isn't a known property of 'div'.[0m [1m[35m[plugin angular-compiler][0m

    src/app/features/teacher-allocation/teacher-allocation-form/teacher-allocation-form.component.html:42:68:
[37m      42 │ ...dules.controls; let i=index" [32m[formGroupName]="i"[37m class="row mb-3">
         ╵                                 [32m~~~~~~~~~~~~~~~~~~~[0m

  Error occurs in the template of component TeacherAllocationFormComponent.

    src/app/features/teacher-allocation/teacher-allocation-form/teacher-allocation-form.component.ts:12:15:
[37m      12 │   templateUrl: [32m'./teacher-allocation-form.component.html'[37m,
         ╵                [32m~~~~~~~~~~~~~~~~~~~~~~~~~~~~~~~~~~~~~~~~~~[0m


[31m✘ [41;31m[[41;97mERROR[41;31m][0m [1mTS-992008: Could not find stylesheet file './teacher-allocation-form.component.scss'.[0m [1m[35m[plugin angular-compiler][0m

    src/app/features/teacher-allocation/teacher-allocation-form/teacher-allocation-form.component.ts:13:14:
[37m      13 │   styleUrls: [[32m'./teacher-allocation-form.component.scss'[37m]
         ╵               [32m~~~~~~~~~~~~~~~~~~~~~~~~~~~~~~~~~~~~~~~~~~[0m


[31m✘ [41;31m[[41;97mERROR[41;31m][0m [1mNG8002: Can't bind to 'ngModel' since it isn't a known property of 'select'.[0m [1m[35m[plugin angular-compiler][0m

    src/app/features/teacher-allocation/teacher-allocation-list/teacher-allocation-list.component.html:5:34:
[37m      5 │ ...lass="form-select" [32m[(ngModel)]="selectedYear"[37m (change)="onYearCh...
        ╵                       [32m~~~~~~~~~~~~~~~~~~~~~~~~~~[0m

  Error occurs in the template of component TeacherAllocationListComponent.

    src/app/features/teacher-allocation/teacher-allocation-list/teacher-allocation-list.component.ts:9:15:
[37m      9 │   templateUrl: [32m'./teacher-allocation-list.component.html'[37m,
        ╵                [32m~~~~~~~~~~~~~~~~~~~~~~~~~~~~~~~~~~~~~~~~~~[0m


[31m✘ [41;31m[[41;97mERROR[41;31m][0m [1mTS-992008: Could not find stylesheet file './teacher-allocation-list.component.scss'.[0m [1m[35m[plugin angular-compiler][0m

    src/app/features/teacher-allocation/teacher-allocation-list/teacher-allocation-list.component.ts:10:14:
[37m      10 │   styleUrls: [[32m'./teacher-allocation-list.component.scss'[37m]
         ╵               [32m~~~~~~~~~~~~~~~~~~~~~~~~~~~~~~~~~~~~~~~~~~[0m


[31m✘ [41;31m[[41;97mERROR[41;31m][0m [1mTS2322: Type 'TeacherAllocation[]' is not assignable to type 'TeacherSubject[]'.
  Type 'TeacherAllocation' is missing the following properties from type 'TeacherSubject': teacher_id, subject_id, active[0m [1m[35m[plugin angular-compiler][0m

    src/app/features/teacher-allocation/teacher-allocation-list/teacher-allocation-list.component.ts:32:10:
[37m      32 │           [32mthis.allocations[37m = data;
         ╵           [32m~~~~~~~~~~~~~~~~[0m


❯ Changes detected. Rebuilding...
✔ Changes detected. Rebuilding...
Application bundle generation failed. [0.976 seconds]

[31m✘ [41;31m[[41;97mERROR[41;31m][0m [1mTS-992008: Could not find stylesheet file './teacher-allocation-form.component.scss'.[0m [1m[35m[plugin angular-compiler][0m

    src/app/features/teacher-allocation/teacher-allocation-form/teacher-allocation-form.component.ts:21:14:
[37m      21 │   styleUrls: [[32m'./teacher-allocation-form.component.scss'[37m]
         ╵               [32m~~~~~~~~~~~~~~~~~~~~~~~~~~~~~~~~~~~~~~~~~~[0m


[31m✘ [41;31m[[41;97mERROR[41;31m][0m [1mNG8002: Can't bind to 'ngModel' since it isn't a known property of 'select'.[0m [1m[35m[plugin angular-compiler][0m

    src/app/features/teacher-allocation/teacher-allocation-list/teacher-allocation-list.component.html:5:34:
[37m      5 │ ...lass="form-select" [32m[(ngModel)]="selectedYear"[37m (change)="onYearCh...
        ╵                       [32m~~~~~~~~~~~~~~~~~~~~~~~~~~[0m

  Error occurs in the template of component TeacherAllocationListComponent.

    src/app/features/teacher-allocation/teacher-allocation-list/teacher-allocation-list.component.ts:9:15:
[37m      9 │   templateUrl: [32m'./teacher-allocation-list.component.html'[37m,
        ╵                [32m~~~~~~~~~~~~~~~~~~~~~~~~~~~~~~~~~~~~~~~~~~[0m


[31m✘ [41;31m[[41;97mERROR[41;31m][0m [1mTS-992008: Could not find stylesheet file './teacher-allocation-list.component.scss'.[0m [1m[35m[plugin angular-compiler][0m

    src/app/features/teacher-allocation/teacher-allocation-list/teacher-allocation-list.component.ts:10:14:
[37m      10 │   styleUrls: [[32m'./teacher-allocation-list.component.scss'[37m]
         ╵               [32m~~~~~~~~~~~~~~~~~~~~~~~~~~~~~~~~~~~~~~~~~~[0m


[31m✘ [41;31m[[41;97mERROR[41;31m][0m [1mTS2322: Type 'TeacherAllocation[]' is not assignable to type 'TeacherSubject[]'.
  Type 'TeacherAllocation' is missing the following properties from type 'TeacherSubject': teacher_id, subject_id, active[0m [1m[35m[plugin angular-compiler][0m

    src/app/features/teacher-allocation/teacher-allocation-list/teacher-allocation-list.component.ts:32:10:
[37m      32 │           [32mthis.allocations[37m = data;
         ╵           [32m~~~~~~~~~~~~~~~~[0m


❯ Changes detected. Rebuilding...
✔ Changes detected. Rebuilding...
Application bundle generation failed. [1.495 seconds]

[31m✘ [41;31m[[41;97mERROR[41;31m][0m [1mNG8002: Can't bind to 'ngModel' since it isn't a known property of 'select'.[0m [1m[35m[plugin angular-compiler][0m

    src/app/features/teacher-allocation/teacher-allocation-list/teacher-allocation-list.component.html:5:34:
[37m      5 │ ...lass="form-select" [32m[(ngModel)]="selectedYear"[37m (change)="onYearCh...
        ╵                       [32m~~~~~~~~~~~~~~~~~~~~~~~~~~[0m

  Error occurs in the template of component TeacherAllocationListComponent.

    src/app/features/teacher-allocation/teacher-allocation-list/teacher-allocation-list.component.ts:9:15:
[37m      9 │   templateUrl: [32m'./teacher-allocation-list.component.html'[37m,
        ╵                [32m~~~~~~~~~~~~~~~~~~~~~~~~~~~~~~~~~~~~~~~~~~[0m


[31m✘ [41;31m[[41;97mERROR[41;31m][0m [1mTS-992008: Could not find stylesheet file './teacher-allocation-list.component.scss'.[0m [1m[35m[plugin angular-compiler][0m

    src/app/features/teacher-allocation/teacher-allocation-list/teacher-allocation-list.component.ts:10:14:
[37m      10 │   styleUrls: [[32m'./teacher-allocation-list.component.scss'[37m]
         ╵               [32m~~~~~~~~~~~~~~~~~~~~~~~~~~~~~~~~~~~~~~~~~~[0m


[31m✘ [41;31m[[41;97mERROR[41;31m][0m [1mTS2322: Type 'TeacherAllocation[]' is not assignable to type 'TeacherSubject[]'.
  Type 'TeacherAllocation' is missing the following properties from type 'TeacherSubject': teacher_id, subject_id, active[0m [1m[35m[plugin angular-compiler][0m

    src/app/features/teacher-allocation/teacher-allocation-list/teacher-allocation-list.component.ts:32:10:
[37m      32 │           [32mthis.allocations[37m = data;
         ╵           [32m~~~~~~~~~~~~~~~~[0m


❯ Changes detected. Rebuilding...
✔ Changes detected. Rebuilding...
Application bundle generation failed. [1.827 seconds]

[31m✘ [41;31m[[41;97mERROR[41;31m][0m [1mNG9: Property 'teacher' does not exist on type 'TeacherSubject'.[0m [1m[35m[plugin angular-compiler][0m

    src/app/features/teacher-allocation/teacher-allocation-list/teacher-allocation-list.component.ts:61:34:
[37m      61 │                 <td>{{ allocation.[32mteacher[37m?.name }}</td>
         ╵                                   [32m~~~~~~~[0m


[31m✘ [41;31m[[41;97mERROR[41;31m][0m [1mNG9: Property 'subject' does not exist on type 'TeacherSubject'.[0m [1m[35m[plugin angular-compiler][0m

    src/app/features/teacher-allocation/teacher-allocation-list/teacher-allocation-list.component.ts:62:34:
[37m      62 │                 <td>{{ allocation.[32msubject[37m?.name }}</td>
         ╵                                   [32m~~~~~~~[0m


[31m✘ [41;31m[[41;97mERROR[41;31m][0m [1mNG9: Property 'class' does not exist on type 'TeacherSubject'.[0m [1m[35m[plugin angular-compiler][0m

    src/app/features/teacher-allocation/teacher-allocation-list/teacher-allocation-list.component.ts:63:34:
[37m      63 │                 <td>{{ allocation.[32mclass[37m?.name }}</td>
         ╵                                   [32m~~~~~[0m


[31m✘ [41;31m[[41;97mERROR[41;31m][0m [1mNG9: Property 'schedules' does not exist on type 'TeacherSubject'.[0m [1m[35m[plugin angular-compiler][0m

    src/app/features/teacher-allocation/teacher-allocation-list/teacher-allocation-list.component.ts:65:58:
[37m      65 │                   <div *ngFor="let schedule of allocation.[32mschedules[37m">
         ╵                                                           [32m~~~~~~~~~[0m


[31m✘ [41;31m[[41;97mERROR[41;31m][0m [1mTS2322: Type 'TeacherAllocation[]' is not assignable to type 'TeacherSubject[]'.
  Type 'TeacherAllocation' is missing the following properties from type 'TeacherSubject': teacher_id, subject_id, active[0m [1m[35m[plugin angular-compiler][0m

    src/app/features/teacher-allocation/teacher-allocation-list/teacher-allocation-list.component.ts:248:10:
[37m      248 │           [32mthis.allocations[37m = data;
          ╵           [32m~~~~~~~~~~~~~~~~[0m


❯ Changes detected. Rebuilding...
✔ Changes detected. Rebuilding...
Application bundle generation failed. [0.523 seconds]

[33m▲ [43;33m[[43;30mWARNING[43;33m][0m [1mNG8107: The left side of this optional chain operation does not include 'null' or 'undefined' in its type, therefore the '?.' operator can be replaced with the '.' operator.[0m [1m[35m[plugin angular-compiler][0m

    src/app/features/teacher-allocation/teacher-allocation-list/teacher-allocation-list.component.ts:61:43:
[37m      61 │                 <td>{{ allocation.teacher?.[32mname[37m }}</td>
         ╵                                            [32m~~~~[0m


[33m▲ [43;33m[[43;30mWARNING[43;33m][0m [1mNG8107: The left side of this optional chain operation does not include 'null' or 'undefined' in its type, therefore the '?.' operator can be replaced with the '.' operator.[0m [1m[35m[plugin angular-compiler][0m

    src/app/features/teacher-allocation/teacher-allocation-list/teacher-allocation-list.component.ts:62:43:
[37m      62 │                 <td>{{ allocation.subject?.[32mname[37m }}</td>
         ╵                                            [32m~~~~[0m


[31m✘ [41;31m[[41;97mERROR[41;31m][0m [1mTS2322: Type 'TeacherAllocation[]' is not assignable to type 'TeacherSubject[]'.
  Type 'TeacherAllocation' is not assignable to type 'TeacherSubject'.
    Types of property 'id' are incompatible.
      Type 'number | undefined' is not assignable to type 'number'.
        Type 'undefined' is not assignable to type 'number'.[0m [1m[35m[plugin angular-compiler][0m

    src/app/features/teacher-allocation/teacher-allocation-list/teacher-allocation-list.component.ts:248:10:
[37m      248 │           [32mthis.allocations[37m = data;
          ╵           [32m~~~~~~~~~~~~~~~~[0m


❯ Changes detected. Rebuilding...
✔ Changes detected. Rebuilding...
Application bundle generation failed. [0.397 seconds]

[33m▲ [43;33m[[43;30mWARNING[43;33m][0m [1mNG8107: The left side of this optional chain operation does not include 'null' or 'undefined' in its type, therefore the '?.' operator can be replaced with the '.' operator.[0m [1m[35m[plugin angular-compiler][0m

    src/app/features/teacher-allocation/teacher-allocation-list/teacher-allocation-list.component.ts:61:43:
[37m      61 │                 <td>{{ allocation.teacher?.[32mname[37m }}</td>
         ╵                                            [32m~~~~[0m


[33m▲ [43;33m[[43;30mWARNING[43;33m][0m [1mNG8107: The left side of this optional chain operation does not include 'null' or 'undefined' in its type, therefore the '?.' operator can be replaced with the '.' operator.[0m [1m[35m[plugin angular-compiler][0m

    src/app/features/teacher-allocation/teacher-allocation-list/teacher-allocation-list.component.ts:62:43:
[37m      62 │                 <td>{{ allocation.subject?.[32mname[37m }}</td>
         ╵                                            [32m~~~~[0m


[31m✘ [41;31m[[41;97mERROR[41;31m][0m [1mTS2322: Type 'TeacherAllocation[]' is not assignable to type 'TeacherSubject[]'.
  Type 'TeacherAllocation' is not assignable to type 'TeacherSubject'.
    Types of property 'id' are incompatible.
      Type 'number | undefined' is not assignable to type 'number'.
        Type 'undefined' is not assignable to type 'number'.[0m [1m[35m[plugin angular-compiler][0m

    src/app/features/teacher-allocation/teacher-allocation-list/teacher-allocation-list.component.ts:248:10:
[37m      248 │           [32mthis.allocations[37m = data;
          ╵           [32m~~~~~~~~~~~~~~~~[0m


❯ Changes detected. Rebuilding...
✔ Changes detected. Rebuilding...
Application bundle generation failed. [0.537 seconds]

[33m▲ [43;33m[[43;30mWARNING[43;33m][0m [1mNG8107: The left side of this optional chain operation does not include 'null' or 'undefined' in its type, therefore the '?.' operator can be replaced with the '.' operator.[0m [1m[35m[plugin angular-compiler][0m

    src/app/features/teacher-allocation/teacher-allocation-list/teacher-allocation-list.component.ts:61:43:
[37m      61 │                 <td>{{ allocation.teacher?.[32mname[37m }}</td>
         ╵                                            [32m~~~~[0m


[33m▲ [43;33m[[43;30mWARNING[43;33m][0m [1mNG8107: The left side of this optional chain operation does not include 'null' or 'undefined' in its type, therefore the '?.' operator can be replaced with the '.' operator.[0m [1m[35m[plugin angular-compiler][0m

    src/app/features/teacher-allocation/teacher-allocation-list/teacher-allocation-list.component.ts:62:43:
[37m      62 │                 <td>{{ allocation.subject?.[32mname[37m }}</td>
         ╵                                            [32m~~~~[0m


[31m✘ [41;31m[[41;97mERROR[41;31m][0m [1mTS2322: Type 'TeacherAllocation[]' is not assignable to type 'TeacherSubject[]'.
  Type 'TeacherAllocation' is not assignable to type 'TeacherSubject'.
    Types of property 'id' are incompatible.
      Type 'number | undefined' is not assignable to type 'number'.
        Type 'undefined' is not assignable to type 'number'.[0m [1m[35m[plugin angular-compiler][0m

    src/app/features/teacher-allocation/teacher-allocation-list/teacher-allocation-list.component.ts:248:10:
[37m      248 │           [32mthis.allocations[37m = data;
          ╵           [32m~~~~~~~~~~~~~~~~[0m


❯ Changes detected. Rebuilding...
✔ Changes detected. Rebuilding...
Application bundle generation failed. [0.653 seconds]

[31m✘ [41;31m[[41;97mERROR[41;31m][0m [1mTS2304: Cannot find name 'TeacherSubject'.[0m [1m[35m[plugin angular-compiler][0m

    src/app/features/teacher-allocation/teacher-allocation-list/teacher-allocation-list.component.ts:229:15:
[37m      229 │   allocations: [32mTeacherSubject[37m[] = [];
          ╵                [32m~~~~~~~~~~~~~~[0m


❯ Changes detected. Rebuilding...
✔ Changes detected. Rebuilding...
Application bundle generation failed. [1.040 seconds]

[31m✘ [41;31m[[41;97mERROR[41;31m][0m [1mNG9: Property 'class' does not exist on type 'TeacherAllocation'.[0m [1m[35m[plugin angular-compiler][0m

    src/app/features/teacher-allocation/teacher-allocation-list/teacher-allocation-list.component.ts:63:34:
[37m      63 │                 <td>{{ allocation.[32mclass[37m?.name }}</td>
         ╵                                   [32m~~~~~[0m


[31m✘ [41;31m[[41;97mERROR[41;31m][0m [1mNG5: Argument of type 'number | undefined' is not assignable to parameter of type 'number'.
  Type 'undefined' is not assignable to type 'number'.[0m [1m[35m[plugin angular-compiler][0m

    src/app/features/teacher-allocation/teacher-allocation-list/teacher-allocation-list.component.ts:70:81:
[37m      70 │ ...utton class="edit-button" (click)="editAllocation(allocation.[32mid[37m)">
         ╵                                                                 [32m~~[0m


[31m✘ [41;31m[[41;97mERROR[41;31m][0m [1mNG5: Argument of type 'number | undefined' is not assignable to parameter of type 'number'.
  Type 'undefined' is not assignable to type 'number'.[0m [1m[35m[plugin angular-compiler][0m

    src/app/features/teacher-allocation/teacher-allocation-list/teacher-allocation-list.component.ts:73:85:
[37m      73 │ ...n class="delete-button" (click)="deleteAllocation(allocation.[32mid[37m)">
         ╵                                                                 [32m~~[0m


❯ Changes detected. Rebuilding...
✔ Changes detected. Rebuilding...
Application bundle generation failed. [0.342 seconds]

[31m✘ [41;31m[[41;97mERROR[41;31m][0m [1mNG9: Property 'class' does not exist on type 'TeacherAllocation'.[0m [1m[35m[plugin angular-compiler][0m

    src/app/features/teacher-allocation/teacher-allocation-list/teacher-allocation-list.component.ts:63:34:
[37m      63 │                 <td>{{ allocation.[32mclass[37m?.name }}</td>
         ╵                                   [32m~~~~~[0m


[31m✘ [41;31m[[41;97mERROR[41;31m][0m [1mNG5: Argument of type 'number | undefined' is not assignable to parameter of type 'number'.
  Type 'undefined' is not assignable to type 'number'.[0m [1m[35m[plugin angular-compiler][0m

    src/app/features/teacher-allocation/teacher-allocation-list/teacher-allocation-list.component.ts:70:81:
[37m      70 │ ...utton class="edit-button" (click)="editAllocation(allocation.[32mid[37m)">
         ╵                                                                 [32m~~[0m


[31m✘ [41;31m[[41;97mERROR[41;31m][0m [1mNG5: Argument of type 'number | undefined' is not assignable to parameter of type 'number'.
  Type 'undefined' is not assignable to type 'number'.[0m [1m[35m[plugin angular-compiler][0m

    src/app/features/teacher-allocation/teacher-allocation-list/teacher-allocation-list.component.ts:73:85:
[37m      73 │ ...n class="delete-button" (click)="deleteAllocation(allocation.[32mid[37m)">
         ╵                                                                 [32m~~[0m


❯ Changes detected. Rebuilding...
✔ Changes detected. Rebuilding...
Application bundle generation failed. [0.613 seconds]

[31m✘ [41;31m[[41;97mERROR[41;31m][0m [1mTS2339: Property 'year_name' does not exist on type 'Class'.[0m [1m[35m[plugin angular-compiler][0m

    src/app/features/classes/class-list/class-list.component.ts:273:68:
[37m      273 │ ...xcluir a turma ${classData.[32myear_name[37m} ${classData.division_nam...
          ╵                               [32m~~~~~~~~~[0m


[31m✘ [41;31m[[41;97mERROR[41;31m][0m [1mTS2339: Property 'division_name' does not exist on type 'Class'.[0m [1m[35m[plugin angular-compiler][0m

    src/app/features/classes/class-list/class-list.component.ts:273:91:
[37m      273 │ ...r a turma ${classData.year_name} ${classData.[32mdivision_name[37m}?`)) {
          ╵                                                 [32m~~~~~~~~~~~~~[0m


[31m✘ [41;31m[[41;97mERROR[41;31m][0m [1mNG9: Property 'class' does not exist on type 'TeacherAllocation'.[0m [1m[35m[plugin angular-compiler][0m

    src/app/features/teacher-allocation/teacher-allocation-list/teacher-allocation-list.component.ts:63:34:
[37m      63 │                 <td>{{ allocation.[32mclass[37m?.name }}</td>
         ╵                                   [32m~~~~~[0m


[31m✘ [41;31m[[41;97mERROR[41;31m][0m [1mNG5: Argument of type 'number | undefined' is not assignable to parameter of type 'number'.
  Type 'undefined' is not assignable to type 'number'.[0m [1m[35m[plugin angular-compiler][0m

    src/app/features/teacher-allocation/teacher-allocation-list/teacher-allocation-list.component.ts:70:81:
[37m      70 │ ...utton class="edit-button" (click)="editAllocation(allocation.[32mid[37m)">
         ╵                                                                 [32m~~[0m


[31m✘ [41;31m[[41;97mERROR[41;31m][0m [1mNG5: Argument of type 'number | undefined' is not assignable to parameter of type 'number'.
  Type 'undefined' is not assignable to type 'number'.[0m [1m[35m[plugin angular-compiler][0m

    src/app/features/teacher-allocation/teacher-allocation-list/teacher-allocation-list.component.ts:73:85:
[37m      73 │ ...n class="delete-button" (click)="deleteAllocation(allocation.[32mid[37m)">
         ╵                                                                 [32m~~[0m


❯ Changes detected. Rebuilding...
✔ Changes detected. Rebuilding...
Application bundle generation failed. [0.356 seconds]

[31m✘ [41;31m[[41;97mERROR[41;31m][0m [1mTS2339: Property 'division_name' does not exist on type 'Class'.[0m [1m[35m[plugin angular-compiler][0m

    src/app/features/classes/class-list/class-list.component.ts:273:91:
[37m      273 │ ...r a turma ${classData.year_name} ${classData.[32mdivision_name[37m}?`)) {
          ╵                                                 [32m~~~~~~~~~~~~~[0m


[31m✘ [41;31m[[41;97mERROR[41;31m][0m [1mNG9: Property 'class' does not exist on type 'TeacherAllocation'.[0m [1m[35m[plugin angular-compiler][0m

    src/app/features/teacher-allocation/teacher-allocation-list/teacher-allocation-list.component.ts:63:34:
[37m      63 │                 <td>{{ allocation.[32mclass[37m?.name }}</td>
         ╵                                   [32m~~~~~[0m


[31m✘ [41;31m[[41;97mERROR[41;31m][0m [1mNG5: Argument of type 'number | undefined' is not assignable to parameter of type 'number'.
  Type 'undefined' is not assignable to type 'number'.[0m [1m[35m[plugin angular-compiler][0m

    src/app/features/teacher-allocation/teacher-allocation-list/teacher-allocation-list.component.ts:70:81:
[37m      70 │ ...utton class="edit-button" (click)="editAllocation(allocation.[32mid[37m)">
         ╵                                                                 [32m~~[0m


[31m✘ [41;31m[[41;97mERROR[41;31m][0m [1mNG5: Argument of type 'number | undefined' is not assignable to parameter of type 'number'.
  Type 'undefined' is not assignable to type 'number'.[0m [1m[35m[plugin angular-compiler][0m

    src/app/features/teacher-allocation/teacher-allocation-list/teacher-allocation-list.component.ts:73:85:
[37m      73 │ ...n class="delete-button" (click)="deleteAllocation(allocation.[32mid[37m)">
         ╵                                                                 [32m~~[0m


❯ Changes detected. Rebuilding...
✔ Changes detected. Rebuilding...
Application bundle generation failed. [0.657 seconds]

[31m✘ [41;31m[[41;97mERROR[41;31m][0m [1mNG9: Property 'class' does not exist on type 'TeacherAllocation'.[0m [1m[35m[plugin angular-compiler][0m

    src/app/features/teacher-allocation/teacher-allocation-list/teacher-allocation-list.component.ts:63:34:
[37m      63 │                 <td>{{ allocation.[32mclass[37m?.name }}</td>
         ╵                                   [32m~~~~~[0m


[31m✘ [41;31m[[41;97mERROR[41;31m][0m [1mNG5: Argument of type 'number | undefined' is not assignable to parameter of type 'number'.
  Type 'undefined' is not assignable to type 'number'.[0m [1m[35m[plugin angular-compiler][0m

    src/app/features/teacher-allocation/teacher-allocation-list/teacher-allocation-list.component.ts:70:81:
[37m      70 │ ...utton class="edit-button" (click)="editAllocation(allocation.[32mid[37m)">
         ╵                                                                 [32m~~[0m


[31m✘ [41;31m[[41;97mERROR[41;31m][0m [1mNG5: Argument of type 'number | undefined' is not assignable to parameter of type 'number'.
  Type 'undefined' is not assignable to type 'number'.[0m [1m[35m[plugin angular-compiler][0m

    src/app/features/teacher-allocation/teacher-allocation-list/teacher-allocation-list.component.ts:73:85:
[37m      73 │ ...n class="delete-button" (click)="deleteAllocation(allocation.[32mid[37m)">
         ╵                                                                 [32m~~[0m


❯ Changes detected. Rebuilding...
✔ Changes detected. Rebuilding...
Application bundle generation failed. [0.344 seconds]

[31m✘ [41;31m[[41;97mERROR[41;31m][0m [1mNG9: Property 'class' does not exist on type 'TeacherAllocation'.[0m [1m[35m[plugin angular-compiler][0m

    src/app/features/teacher-allocation/teacher-allocation-list/teacher-allocation-list.component.ts:63:34:
[37m      63 │                 <td>{{ allocation.[32mclass[37m?.name }}</td>
         ╵                                   [32m~~~~~[0m


[31m✘ [41;31m[[41;97mERROR[41;31m][0m [1mNG5: Argument of type 'number | undefined' is not assignable to parameter of type 'number'.
  Type 'undefined' is not assignable to type 'number'.[0m [1m[35m[plugin angular-compiler][0m

    src/app/features/teacher-allocation/teacher-allocation-list/teacher-allocation-list.component.ts:70:81:
[37m      70 │ ...utton class="edit-button" (click)="editAllocation(allocation.[32mid[37m)">
         ╵                                                                 [32m~~[0m


[31m✘ [41;31m[[41;97mERROR[41;31m][0m [1mNG5: Argument of type 'number | undefined' is not assignable to parameter of type 'number'.
  Type 'undefined' is not assignable to type 'number'.[0m [1m[35m[plugin angular-compiler][0m

    src/app/features/teacher-allocation/teacher-allocation-list/teacher-allocation-list.component.ts:73:85:
[37m      73 │ ...n class="delete-button" (click)="deleteAllocation(allocation.[32mid[37m)">
         ╵                                                                 [32m~~[0m


❯ Changes detected. Rebuilding...
✔ Changes detected. Rebuilding...
Application bundle generation failed. [0.358 seconds]

[31m✘ [41;31m[[41;97mERROR[41;31m][0m [1mNG9: Property 'class' does not exist on type 'TeacherAllocation'.[0m [1m[35m[plugin angular-compiler][0m

    src/app/features/teacher-allocation/teacher-allocation-list/teacher-allocation-list.component.ts:63:34:
[37m      63 │                 <td>{{ allocation.[32mclass[37m?.name }}</td>
         ╵                                   [32m~~~~~[0m


[31m✘ [41;31m[[41;97mERROR[41;31m][0m [1mNG5: Argument of type 'number | undefined' is not assignable to parameter of type 'number'.
  Type 'undefined' is not assignable to type 'number'.[0m [1m[35m[plugin angular-compiler][0m

    src/app/features/teacher-allocation/teacher-allocation-list/teacher-allocation-list.component.ts:70:81:
[37m      70 │ ...utton class="edit-button" (click)="editAllocation(allocation.[32mid[37m)">
         ╵                                                                 [32m~~[0m


[31m✘ [41;31m[[41;97mERROR[41;31m][0m [1mNG5: Argument of type 'number | undefined' is not assignable to parameter of type 'number'.
  Type 'undefined' is not assignable to type 'number'.[0m [1m[35m[plugin angular-compiler][0m

    src/app/features/teacher-allocation/teacher-allocation-list/teacher-allocation-list.component.ts:73:85:
[37m      73 │ ...n class="delete-button" (click)="deleteAllocation(allocation.[32mid[37m)">
         ╵                                                                 [32m~~[0m



Warning: This is a simple server for use in testing or debugging Angular applications
locally. It hasn't been reviewed for security issues.

Binding this server to an open connection can result in compromising your application or
computer. Using a different host than the one passed to the "--host" flag might result in
websocket connection issues. You might need to use "--disable-host-check" if that's the
case.
    
❯ Building...
✔ Building...
Initial chunk files | Names         |  Raw size
main.js             | main          | 230.85 kB | 
polyfills.js        | polyfills     |  90.20 kB | 
styles.css          | styles        |  96 bytes | 

                    | Initial total | 321.15 kB

Application bundle generation complete. [8.187 seconds]

Watch mode enabled. Watching for file changes...
NOTE: Raw file sizes do not reflect development server per-request transformations.
  ➜  Local:   http://localhost:4200/
  ➜  Network: http://192.168.15.104:4200/
  ➜  Network: http://172.18.0.1:4200/
❯ Changes detected. Rebuilding...
✔ Changes detected. Rebuilding...
Initial chunk files | Names |  Raw size
main.js             | main  | 230.85 kB | 

Application bundle generation complete. [3.309 seconds]

Page reload sent to client(s).
❯ Changes detected. Rebuilding...
✔ Changes detected. Rebuilding...

No output file changes.

Application bundle generation complete. [0.452 seconds]

❯ Changes detected. Rebuilding...
✔ Changes detected. Rebuilding...
Initial chunk files | Names |  Raw size
main.js             | main  | 230.85 kB | 

Application bundle generation complete. [0.419 seconds]

Page reload sent to client(s).
❯ Changes detected. Rebuilding...
✔ Changes detected. Rebuilding...
Application bundle generation failed. [0.811 seconds]

[31m✘ [41;31m[[41;97mERROR[41;31m][0m [1mNG9: Property 'displayText' does not exist on type 'Schedule'.[0m [1m[35m[plugin angular-compiler][0m

    src/app/features/teacher-allocation/teacher-allocation-list/teacher-allocation-list.component.ts:66:18:
[37m      66 │         {{ schedule.[32mdisplayText[37m }}
         ╵                     [32m~~~~~~~~~~~[0m


❯ Changes detected. Rebuilding...
✔ Changes detected. Rebuilding...
Initial chunk files | Names         |  Raw size
main.js             | main          | 230.79 kB | 
polyfills.js        | polyfills     |  90.20 kB | 
styles.css          | styles        |  96 bytes | 

                    | Initial total | 321.08 kB

Application bundle generation complete. [1.430 seconds]

Page reload sent to client(s).
❯ Changes detected. Rebuilding...
✔ Changes detected. Rebuilding...

No output file changes.

Application bundle generation complete. [0.473 seconds]

❯ Changes detected. Rebuilding...
✔ Changes detected. Rebuilding...
Application bundle generation failed. [0.796 seconds]

[31m✘ [41;31m[[41;97mERROR[41;31m][0m [1mNG2: Object is possibly 'undefined'.[0m [1m[35m[plugin angular-compiler][0m

    src/app/features/teacher-allocation/teacher-allocation-list/teacher-allocation-list.component.ts:62:42:
[37m      62 │                 <td>{{ allocation.teacher.[32mname[37m }}</td>
         ╵                                           [32m~~~~[0m


[31m✘ [41;31m[[41;97mERROR[41;31m][0m [1mNG2: Object is possibly 'undefined'.[0m [1m[35m[plugin angular-compiler][0m

    src/app/features/teacher-allocation/teacher-allocation-list/teacher-allocation-list.component.ts:63:42:
[37m      63 │                 <td>{{ allocation.subject.[32mname[37m }}</td>
         ╵                                           [32m~~~~[0m


[31m✘ [41;31m[[41;97mERROR[41;31m][0m [1mNG2: Object is possibly 'undefined'.[0m [1m[35m[plugin angular-compiler][0m

    src/app/features/teacher-allocation/teacher-allocation-list/teacher-allocation-list.component.ts:64:40:
[37m      64 │                 <td>{{ allocation.class.[32mname[37m }}</td>
         ╵                                         [32m~~~~[0m


❯ Changes detected. Rebuilding...
✔ Changes detected. Rebuilding...
Application bundle generation failed. [0.973 seconds]

[31m✘ [41;31m[[41;97mERROR[41;31m][0m [1mNG2: Object is possibly 'undefined'.[0m [1m[35m[plugin angular-compiler][0m

    src/app/features/teacher-allocation/teacher-allocation-list/teacher-allocation-list.component.ts:63:42:
[37m      63 │                 <td>{{ allocation.subject.[32mname[37m }}</td>
         ╵                                           [32m~~~~[0m


[31m✘ [41;31m[[41;97mERROR[41;31m][0m [1mNG2: Object is possibly 'undefined'.[0m [1m[35m[plugin angular-compiler][0m

    src/app/features/teacher-allocation/teacher-allocation-list/teacher-allocation-list.component.ts:64:40:
[37m      64 │                 <td>{{ allocation.class.[32mname[37m }}</td>
         ╵                                         [32m~~~~[0m


❯ Changes detected. Rebuilding...
✔ Changes detected. Rebuilding...
Application bundle generation failed. [0.864 seconds]

[31m✘ [41;31m[[41;97mERROR[41;31m][0m [1mNG2: Object is possibly 'undefined'.[0m [1m[35m[plugin angular-compiler][0m

    src/app/features/teacher-allocation/teacher-allocation-list/teacher-allocation-list.component.ts:64:40:
[37m      64 │                 <td>{{ allocation.class.[32mname[37m }}</td>
         ╵                                         [32m~~~~[0m


❯ Changes detected. Rebuilding...
✔ Changes detected. Rebuilding...
Initial chunk files | Names         |  Raw size
main.js             | main          | 231.47 kB | 
polyfills.js        | polyfills     |  90.20 kB | 
styles.css          | styles        |  96 bytes | 

                    | Initial total | 321.77 kB

Application bundle generation complete. [0.717 seconds]

Page reload sent to client(s).
❯ Changes detected. Rebuilding...
✔ Changes detected. Rebuilding...
Application bundle generation failed. [0.830 seconds]

[31m✘ [41;31m[[41;97mERROR[41;31m][0m [1mNG5: Argument of type 'number | undefined' is not assignable to parameter of type 'number'.
  Type 'undefined' is not assignable to type 'number'.[0m [1m[35m[plugin angular-compiler][0m

    src/app/features/teacher-allocation/teacher-allocation-list/teacher-allocation-list.component.ts:72:62:
[37m      72 │ ...tton class="edit-button" (click)="editAllocation([32mallocation?.id[37m)">
         ╵                                                     [32m~~~~~~~~~~~~~~[0m


[31m✘ [41;31m[[41;97mERROR[41;31m][0m [1mNG5: Argument of type 'number | undefined' is not assignable to parameter of type 'number'.
  Type 'undefined' is not assignable to type 'number'.[0m [1m[35m[plugin angular-compiler][0m

    src/app/features/teacher-allocation/teacher-allocation-list/teacher-allocation-list.component.ts:76:66:
[37m      76 │ ... class="delete-button" (click)="deleteAllocation([32mallocation?.id[37m)">
         ╵                                                     [32m~~~~~~~~~~~~~~[0m


❯ Changes detected. Rebuilding...
✔ Changes detected. Rebuilding...
Application bundle generation failed. [1.034 seconds]

[31m✘ [41;31m[[41;97mERROR[41;31m][0m [1mNG9: Property 'openEditModal' does not exist on type 'TeacherAllocationListComponent'.[0m [1m[35m[plugin angular-compiler][0m

    src/app/features/teacher-allocation/teacher-allocation-list/teacher-allocation-list.component.ts:72:55:
[37m      72 │ ...        <button class="edit-button" (click)="[32mopenEditModal[37m(user)">
         ╵                                                 [32m~~~~~~~~~~~~~[0m


[31m✘ [41;31m[[41;97mERROR[41;31m][0m [1mNG9: Property 'user' does not exist on type 'TeacherAllocationListComponent'.[0m [1m[35m[plugin angular-compiler][0m

    src/app/features/teacher-allocation/teacher-allocation-list/teacher-allocation-list.component.ts:72:69:
[37m      72 │ ...        <button class="edit-button" (click)="openEditModal([32muser[37m)">
         ╵                                                               [32m~~~~[0m


[31m✘ [41;31m[[41;97mERROR[41;31m][0m [1mNG9: Property 'deleteUser' does not exist on type 'TeacherAllocationListComponent'.[0m [1m[35m[plugin angular-compiler][0m

    src/app/features/teacher-allocation/teacher-allocation-list/teacher-allocation-list.component.ts:77:57:
[37m      77 │ ...         <button class="delete-button" (click)="[32mdeleteUser[37m(user)">
         ╵                                                    [32m~~~~~~~~~~[0m


[31m✘ [41;31m[[41;97mERROR[41;31m][0m [1mNG9: Property 'user' does not exist on type 'TeacherAllocationListComponent'.[0m [1m[35m[plugin angular-compiler][0m

    src/app/features/teacher-allocation/teacher-allocation-list/teacher-allocation-list.component.ts:77:68:
[37m      77 │ ...         <button class="delete-button" (click)="deleteUser([32muser[37m)">
         ╵                                                               [32m~~~~[0m


[31m✘ [41;31m[[41;97mERROR[41;31m][0m [1mNG5: Argument of type 'number | undefined' is not assignable to parameter of type 'number'.
  Type 'undefined' is not assignable to type 'number'.[0m [1m[35m[plugin angular-compiler][0m

    src/app/features/teacher-allocation/teacher-allocation-list/teacher-allocation-list.component.ts:84:62:
[37m      84 │ ...tton class="edit-button" (click)="editAllocation([32mallocation?.id[37m)">
         ╵                                                     [32m~~~~~~~~~~~~~~[0m


[31m✘ [41;31m[[41;97mERROR[41;31m][0m [1mNG5: Argument of type 'number | undefined' is not assignable to parameter of type 'number'.
  Type 'undefined' is not assignable to type 'number'.[0m [1m[35m[plugin angular-compiler][0m

    src/app/features/teacher-allocation/teacher-allocation-list/teacher-allocation-list.component.ts:88:66:
[37m      88 │ ... class="delete-button" (click)="deleteAllocation([32mallocation?.id[37m)">
         ╵                                                     [32m~~~~~~~~~~~~~~[0m


❯ Changes detected. Rebuilding...
✔ Changes detected. Rebuilding...
Application bundle generation failed. [0.751 seconds]

[31m✘ [41;31m[[41;97mERROR[41;31m][0m [1mNG5002: Parser Error: Missing expected ) at the end of the expression [editAllocation(allocation?.id] in /home/humberto/openacad/openacad-front/src/app/features/teacher-allocation/teacher-allocation-list/teacher-allocation-list.component.ts@71:55[0m [1m[35m[plugin angular-compiler][0m

    src/app/features/teacher-allocation/teacher-allocation-list/teacher-allocation-list.component.ts:72:55:
[37m      72 │ ...utton class="edit-button" (click)="[32meditAllocation(allocation?.id[37m">
         ╵                                       [32m~~~~~~~~~~~~~~~~~~~~~~~~~~~~~[0m


[31m✘ [41;31m[[41;97mERROR[41;31m][0m [1mNG5: Argument of type 'number | undefined' is not assignable to parameter of type 'number'.
  Type 'undefined' is not assignable to type 'number'.[0m [1m[35m[plugin angular-compiler][0m

    src/app/features/teacher-allocation/teacher-allocation-list/teacher-allocation-list.component.ts:72:70:
[37m      72 │ ...utton class="edit-button" (click)="editAllocation([32mallocation?.id[37m">
         ╵                                                      [32m~~~~~~~~~~~~~~[0m


[31m✘ [41;31m[[41;97mERROR[41;31m][0m [1mNG5002: Parser Error: Missing expected ) at the end of the expression [deleteAllocation(allocation?.id] in /home/humberto/openacad/openacad-front/src/app/features/teacher-allocation/teacher-allocation-list/teacher-allocation-list.component.ts@76:57[0m [1m[35m[plugin angular-compiler][0m

    src/app/features/teacher-allocation/teacher-allocation-list/teacher-allocation-list.component.ts:77:57:
[37m      77 │ ...n class="delete-button" (click)="[32mdeleteAllocation(allocation?.id[37m">
         ╵                                     [32m~~~~~~~~~~~~~~~~~~~~~~~~~~~~~~~[0m


[31m✘ [41;31m[[41;97mERROR[41;31m][0m [1mNG5002: Parser Error: Missing expected ) at the end of the expression [editAllocation(allocation?.id] in /home/humberto/openacad/openacad-front/src/app/features/teacher-allocation/teacher-allocation-list/teacher-allocation-list.component.ts@71:55[0m [1m[35m[plugin angular-compiler][0m

    src/app/features/teacher-allocation/teacher-allocation-list/teacher-allocation-list.component.ts:77:57:
[37m      77 │ ...n class="delete-button" (click)="[32mdeleteAllocation(allocation?.id[37m">
         ╵                                     [32m~~~~~~~~~~~~~~~~~~~~~~~~~~~~~~~[0m


[31m✘ [41;31m[[41;97mERROR[41;31m][0m [1mNG5: Argument of type 'number | undefined' is not assignable to parameter of type 'number'.
  Type 'undefined' is not assignable to type 'number'.[0m [1m[35m[plugin angular-compiler][0m

    src/app/features/teacher-allocation/teacher-allocation-list/teacher-allocation-list.component.ts:77:74:
[37m      77 │ ...n class="delete-button" (click)="deleteAllocation([32mallocation?.id[37m">
         ╵                                                      [32m~~~~~~~~~~~~~~[0m


❯ Changes detected. Rebuilding...
✔ Changes detected. Rebuilding...
Application bundle generation failed. [0.768 seconds]

[31m✘ [41;31m[[41;97mERROR[41;31m][0m [1mNG5: Argument of type 'number | undefined' is not assignable to parameter of type 'number'.
  Type 'undefined' is not assignable to type 'number'.[0m [1m[35m[plugin angular-compiler][0m

    src/app/features/teacher-allocation/teacher-allocation-list/teacher-allocation-list.component.ts:72:70:
[37m      72 │ ...tton class="edit-button" (click)="editAllocation([32mallocation?.id[37m)">
         ╵                                                     [32m~~~~~~~~~~~~~~[0m


[31m✘ [41;31m[[41;97mERROR[41;31m][0m [1mNG5: Argument of type 'number | undefined' is not assignable to parameter of type 'number'.
  Type 'undefined' is not assignable to type 'number'.[0m [1m[35m[plugin angular-compiler][0m

    src/app/features/teacher-allocation/teacher-allocation-list/teacher-allocation-list.component.ts:77:74:
[37m      77 │ ... class="delete-button" (click)="deleteAllocation([32mallocation?.id[37m)">
         ╵                                                     [32m~~~~~~~~~~~~~~[0m


❯ Changes detected. Rebuilding...
✔ Changes detected. Rebuilding...
Application bundle generation failed. [0.931 seconds]

[31m✘ [41;31m[[41;97mERROR[41;31m][0m [1mNG5: Argument of type 'TeacherAllocation' is not assignable to parameter of type 'number'.[0m [1m[35m[plugin angular-compiler][0m

    src/app/features/teacher-allocation/teacher-allocation-list/teacher-allocation-list.component.ts:72:70:
[37m      72 │ ... <button class="edit-button" (click)="editAllocation([32mallocation[37m)">
         ╵                                                         [32m~~~~~~~~~~[0m


[31m✘ [41;31m[[41;97mERROR[41;31m][0m [1mNG5: Argument of type 'TeacherAllocation' is not assignable to parameter of type 'number'.[0m [1m[35m[plugin angular-compiler][0m

    src/app/features/teacher-allocation/teacher-allocation-list/teacher-allocation-list.component.ts:77:74:
[37m      77 │ ...tton class="delete-button" (click)="deleteAllocation([32mallocation[37m)">
         ╵                                                         [32m~~~~~~~~~~[0m


❯ Changes detected. Rebuilding...
✔ Changes detected. Rebuilding...
Application bundle generation failed. [0.824 seconds]

[31m✘ [41;31m[[41;97mERROR[41;31m][0m [1mNG5: Argument of type 'TeacherAllocation' is not assignable to parameter of type 'number'.[0m [1m[35m[plugin angular-compiler][0m

    src/app/features/teacher-allocation/teacher-allocation-list/teacher-allocation-list.component.ts:72:70:
[37m      72 │ ... <button class="edit-button" (click)="editAllocation([32mallocation[37m)">
         ╵                                                         [32m~~~~~~~~~~[0m


[31m✘ [41;31m[[41;97mERROR[41;31m][0m [1mNG5: Argument of type 'TeacherAllocation' is not assignable to parameter of type 'number'.[0m [1m[35m[plugin angular-compiler][0m

    src/app/features/teacher-allocation/teacher-allocation-list/teacher-allocation-list.component.ts:77:74:
[37m      77 │ ...tton class="delete-button" (click)="deleteAllocation([32mallocation[37m)">
         ╵                                                         [32m~~~~~~~~~~[0m


❯ Changes detected. Rebuilding...
✔ Changes detected. Rebuilding...
Initial chunk files | Names         |  Raw size
main.js             | main          | 232.01 kB | 
polyfills.js        | polyfills     |  90.20 kB | 
styles.css          | styles        |  96 bytes | 

                    | Initial total | 322.31 kB

Application bundle generation complete. [0.662 seconds]

Page reload sent to client(s).
❯ Changes detected. Rebuilding...
✔ Changes detected. Rebuilding...
Initial chunk files | Names |  Raw size
main.js             | main  | 232.14 kB | 

Application bundle generation complete. [0.534 seconds]

Page reload sent to client(s).
❯ Changes detected. Rebuilding...
✔ Changes detected. Rebuilding...
Initial chunk files | Names |  Raw size
main.js             | main  | 231.64 kB | 

Application bundle generation complete. [0.666 seconds]

Page reload sent to client(s).
❯ Changes detected. Rebuilding...
✔ Changes detected. Rebuilding...
Initial chunk files | Names |  Raw size
main.js             | main  | 232.05 kB | 

Application bundle generation complete. [0.972 seconds]

Page reload sent to client(s).
❯ Changes detected. Rebuilding...
✔ Changes detected. Rebuilding...

No output file changes.

Application bundle generation complete. [1.387 seconds]

❯ Changes detected. Rebuilding...
✔ Changes detected. Rebuilding...
Initial chunk files | Names |  Raw size
main.js             | main  | 234.07 kB | 

Application bundle generation complete. [0.643 seconds]

Page reload sent to client(s).
❯ Changes detected. Rebuilding...
✔ Changes detected. Rebuilding...
Initial chunk files | Names |  Raw size
main.js             | main  | 234.17 kB | 

Application bundle generation complete. [1.435 seconds]

Page reload sent to client(s).
❯ Changes detected. Rebuilding...
✔ Changes detected. Rebuilding...
Initial chunk files | Names |  Raw size
main.js             | main  | 234.24 kB | 

Application bundle generation complete. [0.912 seconds]

Page reload sent to client(s).
❯ Changes detected. Rebuilding...
✔ Changes detected. Rebuilding...
Initial chunk files | Names |  Raw size
main.js             | main  | 234.30 kB | 

Application bundle generation complete. [1.016 seconds]

Page reload sent to client(s).
❯ Changes detected. Rebuilding...
✔ Changes detected. Rebuilding...
Initial chunk files | Names |  Raw size
main.js             | main  | 234.30 kB | 

Application bundle generation complete. [0.900 seconds]

Page reload sent to client(s).
❯ Changes detected. Rebuilding...
✔ Changes detected. Rebuilding...
Initial chunk files | Names |  Raw size
main.js             | main  | 234.13 kB | 

Application bundle generation complete. [1.273 seconds]

Page reload sent to client(s).
❯ Changes detected. Rebuilding...
✔ Changes detected. Rebuilding...
Initial chunk files | Names |  Raw size
main.js             | main  | 234.27 kB | 

Application bundle generation complete. [1.155 seconds]

Page reload sent to client(s).
❯ Changes detected. Rebuilding...
✔ Changes detected. Rebuilding...
Initial chunk files | Names |  Raw size
main.js             | main  | 234.61 kB | 

Application bundle generation complete. [1.302 seconds]

Page reload sent to client(s).
❯ Changes detected. Rebuilding...
✔ Changes detected. Rebuilding...
Initial chunk files | Names |  Raw size
main.js             | main  | 234.61 kB | 

Application bundle generation complete. [0.847 seconds]

Page reload sent to client(s).
